{"meta": {"format": 3, "version": "7.16.0", "timestamp": "2026-09-14T09:48:41.507253", "branch_coverage": false, "show_contexts": false}, "files": {"jcia\\__init__.py": {"executed_lines": [6, 7, 8, 10, 11, 12, 14], "summary": {"covered_lines": 7, "num_statements": 7, "percent_covered": 100.0, "percent_covered_display": "100", "missing_lines": 0, "excluded_lines": 0, "percent_statements_covered": 100.0, "percent_statements_covered_display": "100"}, "missing_lines": [], "excluded_lines": [], "functions": {"": {"executed_lines": [6, 7, 8, 10, 11, 12, 14], "summary": {"covered_lines": 7, "num_statements": 7, "percent_covered": 100.0, "percent_covered_display": "100", "missing_lines": 0, "excluded_lines": 0, "percent_statements_covered": 100.0, "percent_statements_covered_display": "100"}, "missing_lines": [], "excluded_lines": [], "start_line": 1}}, "classes": {"": {"executed_lines": [6, 7, 8, 10, 11, 12, 14], "summary": {"covered_lines": 7, "num_statements": 7, "percent_covered": 100.0, "percent_covered_display": "100", "missing_lines": 0, "excluded_lines": 0, "percent_statements_covered": 100.0, "percent_statements_covered_display": "100"}, "missing_lines": [], "excluded_lines": [], "start_line": 1}}}, "jcia\\adapters\\__init__.py": {"executed_lines": [], "summary": {"covered_lines": 0, "num_statements": 0, "percent_covered": 100.0, "percent_covered_display": "100", "missing_lines": 0, "excluded_lines": 0, "percent_statements_covered": 100.0, "percent_statements_covered_display": "100"}, "missing_lines": [], "excluded_lines": [], "functions": {"": {"executed_lines": [], "summary": {"covered_lines": 0, "num_statements": 0, "percent_covered": 100.0, "percent_covered_display": "100", "missing_lines": 0, "excluded_lines": 0, "percent_statements_covered": 100.0, "percent_statements_covered_display": "100"}, "missing_lines": [], "excluded_lines": [], "start_line": 1}}, "classes": {"": {"executed_lines": [], "summary": {"covered_lines": 0, "num_statements": 0, "percent_covered": 100.0, "percent_covered_display": "100", "missing_lines": 0, "excluded_lines": 0, "percent_statements_covered": 100.0, "percent_statements_covered_display": "100"}, "missing_lines": [], "excluded_lines": [], "start_line": 1}}}, "jcia\\adapters\\ai\\__init__.py": {"executed_lines": [3, 4, 5, 7], "summary": {"covered_lines": 4, "num_statements": 4, "percent_covered": 100.0, "percent_covered_display": "100", "missing_lines": 0, "excluded_lines": 0, "percent_statements_covered": 100.0, "percent_statements_covered_display": "100"}, "missing_lines": [], "excluded_lines": [], "functions": {"": {"executed_lines": [3, 4, 5, 7], "summary": {"covered_lines": 4, "num_statements": 4, "percent_covered": 100.0, "percent_covered_display": "100", "missing_lines": 0, "excluded_lines": 0, "percent_statements_covered": 100.0, "percent_statements_covered_display": "100"}, "missing_lines": [], "excluded_lines": [], "start_line": 1}}, "classes": {"": {"executed_lines": [3, 4, 5, 7], "summary": {"covered_lines": 4, "num_statements": 4, "percent_covered": 100.0, "percent_covered_display": "100", "missing_lines": 0, "excluded_lines": 0, "percent_statements_covered": 100.0, "percent_statements_covered_display": "100"}, "missing_lines": [], "excluded_lines": [], "start_line": 1}}}, "jcia\\adapters\\ai\\llm_adapter.py": {"executed_lines": [6, 8, 9, 12, 15, 16, 32, 34, 35, 37], "summary": {"covered_lines": 10, "num_statements": 10, "percent_covered": 100.0, "percent_covered_display": "100", "missing_lines": 0, "excluded_lines": 0, "percent_statements_covered": 100.0, "percent_statements_covered_display": "100"}, "missing_lines": [], "excluded_lines": [], "functions": {"LLMAdapterFactory.create_adapter": {"executed_lines": [32, 34, 35, 37], "summary": {"covered_lines": 4, "num_statements": 4, "percent_covered": 100.0, "percent_covered_display": "100", "missing_lines": 0, "excluded_lines": 0, "percent_statements_covered": 100.0, "percent_statements_covered_display": "100"}, "missing_lines": [], "excluded_lines": [], "start_line": 16}, "": {"executed_lines": [6, 8, 9, 12, 15, 16], "summary": {"covered_lines": 6, "num_statements": 6, "percent_covered": 100.0, "percent_covered_display": "100", "missing_lines": 0, "excluded_lines": 0, "percent_statements_covered": 100.0, "percent_statements_covered_display": "100"}, "missing_lines": [], "excluded_lines": [], "start_line": 1}}, "classes": {"LLMAdapterFactory": {"executed_lines": [32, 34, 35, 37], "summary": {"covered_lines": 4, "num_statements": 4, "percent_covered": 100.0, "percent_covered_display": "100", "missing_lines": 0, "excluded_lines": 0, "percent_statements_covered": 100.0, "percent_statements_covered_display": "100"}, "missing_lines": [], "excluded_lines": [], "start_line": 12}, "": {"executed_lines": [6, 8, 9, 12, 15, 16], "summary": {"covered_lines": 6, "num_statements": 6, "percent_covered": 100.0, "percent_covered_display": "100", "missing_lines": 0, "excluded_lines": 0, "percent_statements_covered": 100.0, "percent_statements_covered_display": "100"}, "missing_lines": [], "excluded_lines": [], "start_line": 1}}}, "jcia\\adapters\\ai\\openai_adapter.py": {"executed_lines": [6, 7, 8, 9, 10, 12, 13, 23, 26, 27, 28, 29, 30, 31, 34, 43, 62, 63, 64, 65, 66, 67, 69, 71, 72, 74, 76, 77, 79, 81, 97, 100, 103, 122, 123, 130, 132, 134, 136, 143, 144, 145, 152, 168, 171, 173, 174, 182, 183, 185, 186, 199, 200, 201, 203, 209, 216, 234, 236, 238, 251, 254, 259, 260, 266, 269, 270, 271, 273, 275, 276, 278, 280, 294, 296, 314, 325, 326, 332, 334, 335, 336, 338, 344, 345, 346, 352, 368, 370, 371, 373, 391, 401, 402, 407, 411, 413, 414, 415, 417, 431, 432, 433, 434, 435, 440, 447, 448, 449, 457, 458, 467, 468, 469, 470, 472, 474, 475, 476, 477, 479, 481, 482, 483, 487, 499, 502, 503, 504, 505, 507, 509, 519, 524, 525, 527, 528, 529, 531, 532, 533, 534, 536, 537, 539, 558, 560, 572, 575, 578, 581, 582, 585, 587, 600, 602, 604, 613, 615, 617, 619, 629, 630, 632, 634, 644, 645, 647, 649, 661, 663, 664, 665, 667, 669, 671, 672, 675, 681, 682, 683, 685, 692, 694, 696, 707, 708, 709, 711, 712, 713, 715, 717, 726, 727, 730, 731, 732, 733, 734, 735, 737, 739, 748, 751, 752, 753, 756, 757, 759, 761, 770, 773, 774, 775, 778, 779, 781, 783, 792, 795, 796, 797, 798, 800], "summary": {"covered_lines": 225, "num_statements": 226, "percent_covered": 99.5575221238938, "percent_covered_display": "99", "missing_lines": 1, "excluded_lines": 0, "percent_statements_covered": 99.5575221238938, "percent_statements_covered_display": "99"}, "missing_lines": [485], "excluded_lines": [], "functions": {"OpenAIAdapter.__init__": {"executed_lines": [62, 63, 64, 65, 66, 67, 69], "summary": {"covered_lines": 7, "num_statements": 7, "percent_covered": 100.0, "percent_covered_display": "100", "missing_lines": 0, "excluded_lines": 0, "percent_statements_covered": 100.0, "percent_statements_covered_display": "100"}, "missing_lines": [], "excluded_lines": [], "start_line": 43}, "OpenAIAdapter.provider": {"executed_lines": [74], "summary": {"covered_lines": 1, "num_statements": 1, "percent_covered": 100.0, "percent_covered_display": "100", "missing_lines": 0, "excluded_lines": 0, "percent_statements_covered": 100.0, "percent_statements_covered_display": "100"}, "missing_lines": [], "excluded_lines": [], "start_line": 72}, "OpenAIAdapter.model": {"executed_lines": [79], "summary": {"covered_lines": 1, "num_statements": 1, "percent_covered": 100.0, "percent_covered_display": "100", "missing_lines": 0, "excluded_lines": 0, "percent_statements_covered": 100.0, "percent_statements_covered_display": "100"}, "missing_lines": [], "excluded_lines": [], "start_line": 77}, "OpenAIAdapter.generate_tests": {"executed_lines": [97, 100, 103, 122, 123, 130, 132, 134, 136, 143, 144, 145], "summary": {"covered_lines": 12, "num_statements": 12, "percent_covered": 100.0, "percent_covered_display": "100", "missing_lines": 0, "excluded_lines": 0, "percent_statements_covered": 100.0, "percent_statements_covered_display": "100"}, "missing_lines": [], "excluded_lines": [], "start_line": 81}, "OpenAIAdapter.generate_for_uncovered": {"executed_lines": [168, 171, 173, 174, 182, 183, 185, 186, 199, 200, 201, 203, 209], "summary": {"covered_lines": 13, "num_statements": 13, "percent_covered": 100.0, "percent_covered_display": "100", "missing_lines": 0, "excluded_lines": 0, "percent_statements_covered": 100.0, "percent_statements_covered_display": "100"}, "missing_lines": [], "excluded_lines": [], "start_line": 152}, "OpenAIAdapter.refine_test": {"executed_lines": [234, 236, 238, 251, 254, 259, 260, 266, 269, 270, 271, 273, 275, 276, 278], "summary": {"covered_lines": 15, "num_statements": 15, "percent_covered": 100.0, "percent_covered_display": "100", "missing_lines": 0, "excluded_lines": 0, "percent_statements_covered": 100.0, "percent_statements_covered_display": "100"}, "missing_lines": [], "excluded_lines": [], "start_line": 216}, "OpenAIAdapter.analyze_code": {"executed_lines": [294, 296, 314, 325, 326, 332, 334, 335, 336, 338, 344, 345, 346], "summary": {"covered_lines": 13, "num_statements": 13, "percent_covered": 100.0, "percent_covered_display": "100", "missing_lines": 0, "excluded_lines": 0, "percent_statements_covered": 100.0, "percent_statements_covered_display": "100"}, "missing_lines": [], "excluded_lines": [], "start_line": 280}, "OpenAIAdapter.explain_change_impact": {"executed_lines": [368, 370, 371, 373, 391, 401, 402, 407, 411, 413, 414, 415], "summary": {"covered_lines": 12, "num_statements": 12, "percent_covered": 100.0, "percent_covered_display": "100", "missing_lines": 0, "excluded_lines": 0, "percent_statements_covered": 100.0, "percent_statements_covered_display": "100"}, "missing_lines": [], "excluded_lines": [], "start_line": 352}, "OpenAIAdapter._call_openai_api": {"executed_lines": [431, 432, 433, 434, 435, 440, 447, 448, 449, 457, 458, 467, 468, 469, 470, 472, 474, 475, 476, 477, 479, 481, 482, 483], "summary": {"covered_lines": 24, "num_statements": 25, "percent_covered": 96.0, "percent_covered_display": "96", "missing_lines": 1, "excluded_lines": 0, "percent_statements_covered": 96.0, "percent_statements_covered_display": "96"}, "missing_lines": [485], "excluded_lines": [], "start_line": 417}, "OpenAIAdapter._build_generation_context": {"executed_lines": [499, 502, 503, 504, 505, 507], "summary": {"covered_lines": 6, "num_statements": 6, "percent_covered": 100.0, "percent_covered_display": "100", "missing_lines": 0, "excluded_lines": 0, "percent_statements_covered": 100.0, "percent_statements_covered_display": "100"}, "missing_lines": [], "excluded_lines": [], "start_line": 487}, "OpenAIAdapter._build_test_generation_prompt": {"executed_lines": [519, 524, 525, 527, 528, 529, 531, 532, 533, 534, 536, 537, 539, 558], "summary": {"covered_lines": 14, "num_statements": 14, "percent_covered": 100.0, "percent_covered_display": "100", "missing_lines": 0, "excluded_lines": 0, "percent_statements_covered": 100.0, "percent_statements_covered_display": "100"}, "missing_lines": [], "excluded_lines": [], "start_line": 509}, "OpenAIAdapter._parse_test_generation_response": {"executed_lines": [572, 575, 578, 581, 582, 585, 587, 600, 602], "summary": {"covered_lines": 9, "num_statements": 9, "percent_covered": 100.0, "percent_covered_display": "100", "missing_lines": 0, "excluded_lines": 0, "percent_statements_covered": 100.0, "percent_statements_covered_display": "100"}, "missing_lines": [], "excluded_lines": [], "start_line": 560}, "OpenAIAdapter._extract_java_code_from_response": {"executed_lines": [613, 615, 617], "summary": {"covered_lines": 3, "num_statements": 3, "percent_covered": 100.0, "percent_covered_display": "100", "missing_lines": 0, "excluded_lines": 0, "percent_statements_covered": 100.0, "percent_statements_covered_display": "100"}, "missing_lines": [], "excluded_lines": [], "start_line": 604}, "OpenAIAdapter._extract_all_java_code_blocks": {"executed_lines": [629, 630, 632], "summary": {"covered_lines": 3, "num_statements": 3, "percent_covered": 100.0, "percent_covered_display": "100", "missing_lines": 0, "excluded_lines": 0, "percent_statements_covered": 100.0, "percent_statements_covered_display": "100"}, "missing_lines": [], "excluded_lines": [], "start_line": 619}, "OpenAIAdapter._extract_test_methods": {"executed_lines": [644, 645, 647], "summary": {"covered_lines": 3, "num_statements": 3, "percent_covered": 100.0, "percent_covered_display": "100", "missing_lines": 0, "excluded_lines": 0, "percent_statements_covered": 100.0, "percent_statements_covered_display": "100"}, "missing_lines": [], "excluded_lines": [], "start_line": 634}, "OpenAIAdapter._extract_uncovered_segments": {"executed_lines": [661, 663, 664, 665, 667, 669, 671, 672, 675, 681, 682, 683, 685, 692, 694], "summary": {"covered_lines": 15, "num_statements": 15, "percent_covered": 100.0, "percent_covered_display": "100", "missing_lines": 0, "excluded_lines": 0, "percent_statements_covered": 100.0, "percent_statements_covered_display": "100"}, "missing_lines": [], "excluded_lines": [], "start_line": 649}, "OpenAIAdapter._find_source_file": {"executed_lines": [707, 708, 709, 711, 712, 713, 715], "summary": {"covered_lines": 7, "num_statements": 7, "percent_covered": 100.0, "percent_covered_display": "100", "missing_lines": 0, "excluded_lines": 0, "percent_statements_covered": 100.0, "percent_statements_covered_display": "100"}, "missing_lines": [], "excluded_lines": [], "start_line": 696}, "OpenAIAdapter._estimate_confidence": {"executed_lines": [726, 727, 730, 731, 732, 733, 734, 735, 737], "summary": {"covered_lines": 9, "num_statements": 9, "percent_covered": 100.0, "percent_covered_display": "100", "missing_lines": 0, "excluded_lines": 0, "percent_statements_covered": 100.0, "percent_statements_covered_display": "100"}, "missing_lines": [], "excluded_lines": [], "start_line": 717}, "OpenAIAdapter._parse_code_findings": {"executed_lines": [748, 751, 752, 753, 756, 757, 759], "summary": {"covered_lines": 7, "num_statements": 7, "percent_covered": 100.0, "percent_covered_display": "100", "missing_lines": 0, "excluded_lines": 0, "percent_statements_covered": 100.0, "percent_statements_covered_display": "100"}, "missing_lines": [], "excluded_lines": [], "start_line": 739}, "OpenAIAdapter._parse_code_suggestions": {"executed_lines": [770, 773, 774, 775, 778, 779, 781], "summary": {"covered_lines": 7, "num_statements": 7, "percent_covered": 100.0, "percent_covered_display": "100", "missing_lines": 0, "excluded_lines": 0, "percent_statements_covered": 100.0, "percent_statements_covered_display": "100"}, "missing_lines": [], "excluded_lines": [], "start_line": 761}, "OpenAIAdapter._extract_risk_level": {"executed_lines": [792, 795, 796, 797, 798, 800], "summary": {"covered_lines": 6, "num_statements": 6, "percent_covered": 100.0, "percent_covered_display": "100", "missing_lines": 0, "excluded_lines": 0, "percent_statements_covered": 100.0, "percent_statements_covered_display": "100"}, "missing_lines": [], "excluded_lines": [], "start_line": 783}, "": {"executed_lines": [6, 7, 8, 9, 10, 12, 13, 23, 26, 27, 28, 29, 30, 31, 34, 43, 71, 72, 76, 77, 81, 152, 216, 280, 352, 417, 487, 509, 560, 604, 619, 634, 649, 696, 717, 739, 761, 783], "summary": {"covered_lines": 38, "num_statements": 38, "percent_covered": 100.0, "percent_covered_display": "100", "missing_lines": 0, "excluded_lines": 0, "percent_statements_covered": 100.0, "percent_statements_covered_display": "100"}, "missing_lines": [], "excluded_lines": [], "start_line": 1}}, "classes": {"OpenAIAdapter": {"executed_lines": [62, 63, 64, 65, 66, 67, 69, 74, 79, 97, 100, 103, 122, 123, 130, 132, 134, 136, 143, 144, 145, 168, 171, 173, 174, 182, 183, 185, 186, 199, 200, 201, 203, 209, 234, 236, 238, 251, 254, 259, 260, 266, 269, 270, 271, 273, 275, 276, 278, 294, 296, 314, 325, 326, 332, 334, 335, 336, 338, 344, 345, 346, 368, 370, 371, 373, 391, 401, 402, 407, 411, 413, 414, 415, 431, 432, 433, 434, 435, 440, 447, 448, 449, 457, 458, 467, 468, 469, 470, 472, 474, 475, 476, 477, 479, 481, 482, 483, 499, 502, 503, 504, 505, 507, 519, 524, 525, 527, 528, 529, 531, 532, 533, 534, 536, 537, 539, 558, 572, 575, 578, 581, 582, 585, 587, 600, 602, 613, 615, 617, 629, 630, 632, 644, 645, 647, 661, 663, 664, 665, 667, 669, 671, 672, 675, 681, 682, 683, 685, 692, 694, 707, 708, 709, 711, 712, 713, 715, 726, 727, 730, 731, 732, 733, 734, 735, 737, 748, 751, 752, 753, 756, 757, 759, 770, 773, 774, 775, 778, 779, 781, 792, 795, 796, 797, 798, 800], "summary": {"covered_lines": 187, "num_statements": 188, "percent_covered": 99.46808510638297, "percent_covered_display": "99", "missing_lines": 1, "excluded_lines": 0, "percent_statements_covered": 99.46808510638297, "percent_statements_covered_display": "99"}, "missing_lines": [485], "excluded_lines": [], "start_line": 34}, "": {"executed_lines": [6, 7, 8, 9, 10, 12, 13, 23, 26, 27, 28, 29, 30, 31, 34, 43, 71, 72, 76, 77, 81, 152, 216, 280, 352, 417, 487, 509, 560, 604, 619, 634, 649, 696, 717, 739, 761, 783], "summary": {"covered_lines": 38, "num_statements": 38, "percent_covered": 100.0, "percent_covered_display": "100", "missing_lines": 0, "excluded_lines": 0, "percent_statements_covered": 100.0, "percent_statements_covered_display": "100"}, "missing_lines": [], "excluded_lines": [], "start_line": 1}}}, "jcia\\adapters\\ai\\skywalking_adapter.py": {"executed_lines": [6, 7, 8, 9, 11, 14, 15, 18, 27, 40, 41, 42, 43, 45, 47, 59, 62, 64, 65, 66, 69, 72, 74, 75, 76, 89, 91, 93, 95, 104, 117, 118, 120, 121, 122, 123, 125, 126, 127, 129, 131, 133, 135, 136, 137, 139, 151, 169, 170, 172, 173, 182, 184, 186, 187, 188, 190, 203, 204, 213, 214, 215, 216, 217, 218, 221, 223, 224, 227, 228, 229, 231, 232, 233, 234, 237, 239, 253, 255, 264, 265, 268, 270, 271, 272, 275, 278, 281, 282, 285, 286, 288, 290, 300, 327, 328, 330, 331, 340, 342, 344, 345, 346, 348, 357, 359, 360, 362, 372, 374, 376, 378, 387, 388, 390, 391, 392, 397, 399, 401, 410, 428, 429, 431, 434, 436, 438, 439, 440, 442, 452, 471, 472, 474, 475, 484, 490, 491, 492, 494, 507, 509, 513, 514, 516, 521, 522, 529, 531, 533, 534, 535, 537, 539, 540, 541, 543, 552, 554, 560, 561, 563], "summary": {"covered_lines": 162, "num_statements": 162, "percent_covered": 100.0, "percent_covered_display": "100", "missing_lines": 0, "excluded_lines": 0, "percent_statements_covered": 100.0, "percent_statements_covered_display": "100"}, "missing_lines": [], "excluded_lines": [], "functions": {"SkyWalkingAdapter.__init__": {"executed_lines": [40, 41, 42, 43, 45], "summary": {"covered_lines": 5, "num_statements": 5, "percent_covered": 100.0, "percent_covered_display": "100", "missing_lines": 0, "excluded_lines": 0, "percent_statements_covered": 100.0, "percent_statements_covered_display": "100"}, "missing_lines": [], "excluded_lines": [], "start_line": 27}, "SkyWalkingAdapter.recommend_tests": {"executed_lines": [59, 62, 64, 65, 66, 69, 72, 74, 75, 76, 89, 91, 93], "summary": {"covered_lines": 13, "num_statements": 13, "percent_covered": 100.0, "percent_covered_display": "100", "missing_lines": 0, "excluded_lines": 0, "percent_statements_covered": 100.0, "percent_statements_covered_display": "100"}, "missing_lines": [], "excluded_lines": [], "start_line": 47}, "SkyWalkingAdapter._find_related_endpoints": {"executed_lines": [104, 117, 118, 120, 121, 122, 123, 125, 126, 127, 129, 131, 133, 135, 136, 137], "summary": {"covered_lines": 16, "num_statements": 16, "percent_covered": 100.0, "percent_covered_display": "100", "missing_lines": 0, "excluded_lines": 0, "percent_statements_covered": 100.0, "percent_statements_covered_display": "100"}, "missing_lines": [], "excluded_lines": [], "start_line": 95}, "SkyWalkingAdapter._analyze_endpoint_stats": {"executed_lines": [151, 169, 170, 172, 173, 182, 184, 186, 187, 188], "summary": {"covered_lines": 10, "num_statements": 10, "percent_covered": 100.0, "percent_covered_display": "100", "missing_lines": 0, "excluded_lines": 0, "percent_statements_covered": 100.0, "percent_statements_covered_display": "100"}, "missing_lines": [], "excluded_lines": [], "start_line": 139}, "SkyWalkingAdapter._process_endpoint_stats": {"executed_lines": [203, 204, 213, 214, 215, 216, 217, 218, 221, 223, 224, 227, 228, 229, 231, 232, 233, 234, 237, 239, 253], "summary": {"covered_lines": 21, "num_statements": 21, "percent_covered": 100.0, "percent_covered_display": "100", "missing_lines": 0, "excluded_lines": 0, "percent_statements_covered": 100.0, "percent_statements_covered_display": "100"}, "missing_lines": [], "excluded_lines": [], "start_line": 190}, "SkyWalkingAdapter._suggest_tests_for_endpoint": {"executed_lines": [264, 265, 268, 270, 271, 272, 275, 278, 281, 282, 285, 286, 288], "summary": {"covered_lines": 13, "num_statements": 13, "percent_covered": 100.0, "percent_covered_display": "100", "missing_lines": 0, "excluded_lines": 0, "percent_statements_covered": 100.0, "percent_statements_covered_display": "100"}, "missing_lines": [], "excluded_lines": [], "start_line": 255}, "SkyWalkingAdapter.analyze_exceptions": {"executed_lines": [300, 327, 328, 330, 331, 340, 342, 344, 345, 346], "summary": {"covered_lines": 10, "num_statements": 10, "percent_covered": 100.0, "percent_covered_display": "100", "missing_lines": 0, "excluded_lines": 0, "percent_statements_covered": 100.0, "percent_statements_covered_display": "100"}, "missing_lines": [], "excluded_lines": [], "start_line": 290}, "SkyWalkingAdapter._process_exception_logs": {"executed_lines": [357, 359, 360, 362, 372, 374, 376], "summary": {"covered_lines": 7, "num_statements": 7, "percent_covered": 100.0, "percent_covered_display": "100", "missing_lines": 0, "excluded_lines": 0, "percent_statements_covered": 100.0, "percent_statements_covered_display": "100"}, "missing_lines": [], "excluded_lines": [], "start_line": 348}, "SkyWalkingAdapter._format_stack_trace": {"executed_lines": [387, 388, 390, 391, 392, 397, 399], "summary": {"covered_lines": 7, "num_statements": 7, "percent_covered": 100.0, "percent_covered_display": "100", "missing_lines": 0, "excluded_lines": 0, "percent_statements_covered": 100.0, "percent_statements_covered_display": "100"}, "missing_lines": [], "excluded_lines": [], "start_line": 378}, "SkyWalkingAdapter.get_service_health": {"executed_lines": [410, 428, 429, 431, 434, 436, 438, 439, 440], "summary": {"covered_lines": 9, "num_statements": 9, "percent_covered": 100.0, "percent_covered_display": "100", "missing_lines": 0, "excluded_lines": 0, "percent_statements_covered": 100.0, "percent_statements_covered_display": "100"}, "missing_lines": [], "excluded_lines": [], "start_line": 401}, "SkyWalkingAdapter.analyze_performance_trends": {"executed_lines": [452, 471, 472, 474, 475, 484, 490, 491, 492], "summary": {"covered_lines": 9, "num_statements": 9, "percent_covered": 100.0, "percent_covered_display": "100", "missing_lines": 0, "excluded_lines": 0, "percent_statements_covered": 100.0, "percent_statements_covered_display": "100"}, "missing_lines": [], "excluded_lines": [], "start_line": 442}, "SkyWalkingAdapter._execute_graphql": {"executed_lines": [507, 509, 513, 514, 516, 521, 522, 529, 531, 533, 534, 535, 537, 539, 540, 541], "summary": {"covered_lines": 16, "num_statements": 16, "percent_covered": 100.0, "percent_covered_display": "100", "missing_lines": 0, "excluded_lines": 0, "percent_statements_covered": 100.0, "percent_statements_covered_display": "100"}, "missing_lines": [], "excluded_lines": [], "start_line": 494}, "SkyWalkingAdapter.export_test_recommendations": {"executed_lines": [552, 554, 560, 561, 563], "summary": {"covered_lines": 5, "num_statements": 5, "percent_covered": 100.0, "percent_covered_display": "100", "missing_lines": 0, "excluded_lines": 0, "percent_statements_covered": 100.0, "percent_statements_covered_display": "100"}, "missing_lines": [], "excluded_lines": [], "start_line": 543}, "": {"executed_lines": [6, 7, 8, 9, 11, 14, 15, 18, 27, 47, 95, 139, 190, 255, 290, 348, 378, 401, 442, 494, 543], "summary": {"covered_lines": 21, "num_statements": 21, "percent_covered": 100.0, "percent_covered_display": "100", "missing_lines": 0, "excluded_lines": 0, "percent_statements_covered": 100.0, "percent_statements_covered_display": "100"}, "missing_lines": [], "excluded_lines": [], "start_line": 1}}, "classes": {"SkyWalkingAdapter": {"executed_lines": [40, 41, 42, 43, 45, 59, 62, 64, 65, 66, 69, 72, 74, 75, 76, 89, 91, 93, 104, 117, 118, 120, 121, 122, 123, 125, 126, 127, 129, 131, 133, 135, 136, 137, 151, 169, 170, 172, 173, 182, 184, 186, 187, 188, 203, 204, 213, 214, 215, 216, 217, 218, 221, 223, 224, 227, 228, 229, 231, 232, 233, 234, 237, 239, 253, 264, 265, 268, 270, 271, 272, 275, 278, 281, 282, 285, 286, 288, 300, 327, 328, 330, 331, 340, 342, 344, 345, 346, 357, 359, 360, 362, 372, 374, 376, 387, 388, 390, 391, 392, 397, 399, 410, 428, 429, 431, 434, 436, 438, 439, 440, 452, 471, 472, 474, 475, 484, 490, 491, 492, 507, 509, 513, 514, 516, 521, 522, 529, 531, 533, 534, 535, 537, 539, 540, 541, 552, 554, 560, 561, 563], "summary": {"covered_lines": 141, "num_statements": 141, "percent_covered": 100.0, "percent_covered_display": "100", "missing_lines": 0, "excluded_lines": 0, "percent_statements_covered": 100.0, "percent_statements_covered_display": "100"}, "missing_lines": [], "excluded_lines": [], "start_line": 18}, "": {"executed_lines": [6, 7, 8, 9, 11, 14, 15, 18, 27, 47, 95, 139, 190, 255, 290, 348, 378, 401, 442, 494, 543], "summary": {"covered_lines": 21, "num_statements": 21, "percent_covered": 100.0, "percent_covered_display": "100", "missing_lines": 0, "excluded_lines": 0, "percent_statements_covered": 100.0, "percent_statements_covered_display": "100"}, "missing_lines": [], "excluded_lines": [], "start_line": 1}}}, "jcia\\adapters\\ai\\volcengine_adapter.py": {"executed_lines": [3, 4, 6, 8, 9, 20, 21, 22, 23, 24, 27, 33, 54, 55, 56, 57, 58, 59, 60, 62, 63, 65, 67, 68, 70, 72, 89, 92, 101, 102, 103, 104, 106, 113, 130, 133, 141, 143, 162, 163, 176, 185, 186, 187, 189, 191, 243, 260, 261, 262, 278, 286, 288, 298, 299, 301, 302, 308, 309, 310, 311, 313, 315, 323, 325, 332, 341, 349, 350, 352, 353, 355, 363, 365, 379, 381, 382, 394, 396, 398, 410, 411, 412, 413, 414, 415, 417, 426, 428, 429, 431, 442, 453, 462, 464, 467, 468, 469, 470, 472], "summary": {"covered_lines": 100, "num_statements": 109, "percent_covered": 91.74311926605505, "percent_covered_display": "92", "missing_lines": 9, "excluded_lines": 0, "percent_statements_covered": 91.74311926605505, "percent_statements_covered_display": "92"}, "missing_lines": [206, 223, 232, 233, 234, 235, 237, 440, 451], "excluded_lines": [], "functions": {"VolcengineAdapter.__init__": {"executed_lines": [54, 55, 56, 57, 58, 59, 60], "summary": {"covered_lines": 7, "num_statements": 7, "percent_covered": 100.0, "percent_covered_display": "100", "missing_lines": 0, "excluded_lines": 0, "percent_statements_covered": 100.0, "percent_statements_covered_display": "100"}, "missing_lines": [], "excluded_lines": [], "start_line": 33}, "VolcengineAdapter.provider": {"executed_lines": [65], "summary": {"covered_lines": 1, "num_statements": 1, "percent_covered": 100.0, "percent_covered_display": "100", "missing_lines": 0, "excluded_lines": 0, "percent_statements_covered": 100.0, "percent_statements_covered_display": "100"}, "missing_lines": [], "excluded_lines": [], "start_line": 63}, "VolcengineAdapter.model": {"executed_lines": [70], "summary": {"covered_lines": 1, "num_statements": 1, "percent_covered": 100.0, "percent_covered_display": "100", "missing_lines": 0, "excluded_lines": 0, "percent_statements_covered": 100.0, "percent_statements_covered_display": "100"}, "missing_lines": [], "excluded_lines": [], "start_line": 68}, "VolcengineAdapter.generate_tests": {"executed_lines": [89, 92, 101, 102, 103, 104, 106], "summary": {"covered_lines": 7, "num_statements": 7, "percent_covered": 100.0, "percent_covered_display": "100", "missing_lines": 0, "excluded_lines": 0, "percent_statements_covered": 100.0, "percent_statements_covered_display": "100"}, "missing_lines": [], "excluded_lines": [], "start_line": 72}, "VolcengineAdapter.generate_for_uncovered": {"executed_lines": [130, 133, 141], "summary": {"covered_lines": 3, "num_statements": 3, "percent_covered": 100.0, "percent_covered_display": "100", "missing_lines": 0, "excluded_lines": 0, "percent_statements_covered": 100.0, "percent_statements_covered_display": "100"}, "missing_lines": [], "excluded_lines": [], "start_line": 113}, "VolcengineAdapter.refine_test": {"executed_lines": [162, 163, 176, 185, 186, 187, 189], "summary": {"covered_lines": 7, "num_statements": 7, "percent_covered": 100.0, "percent_covered_display": "100", "missing_lines": 0, "excluded_lines": 0, "percent_statements_covered": 100.0, "percent_statements_covered_display": "100"}, "missing_lines": [], "excluded_lines": [], "start_line": 143}, "VolcengineAdapter.analyze_code": {"executed_lines": [], "summary": {"covered_lines": 0, "num_statements": 7, "percent_covered": 0.0, "percent_covered_display": "0", "missing_lines": 7, "excluded_lines": 0, "percent_statements_covered": 0.0, "percent_statements_covered_display": "0"}, "missing_lines": [206, 223, 232, 233, 234, 235, 237], "excluded_lines": [], "start_line": 191}, "VolcengineAdapter.explain_change_impact": {"executed_lines": [260, 261, 262, 278, 286], "summary": {"covered_lines": 5, "num_statements": 5, "percent_covered": 100.0, "percent_covered_display": "100", "missing_lines": 0, "excluded_lines": 0, "percent_statements_covered": 100.0, "percent_statements_covered_display": "100"}, "missing_lines": [], "excluded_lines": [], "start_line": 243}, "VolcengineAdapter._call_api": {"executed_lines": [298, 299, 301, 302, 308, 309, 310, 311], "summary": {"covered_lines": 8, "num_statements": 8, "percent_covered": 100.0, "percent_covered_display": "100", "missing_lines": 0, "excluded_lines": 0, "percent_statements_covered": 100.0, "percent_statements_covered_display": "100"}, "missing_lines": [], "excluded_lines": [], "start_line": 288}, "VolcengineAdapter._build_payload": {"executed_lines": [315], "summary": {"covered_lines": 1, "num_statements": 1, "percent_covered": 100.0, "percent_covered_display": "100", "missing_lines": 0, "excluded_lines": 0, "percent_statements_covered": 100.0, "percent_statements_covered_display": "100"}, "missing_lines": [], "excluded_lines": [], "start_line": 313}, "VolcengineAdapter._build_headers": {"executed_lines": [325], "summary": {"covered_lines": 1, "num_statements": 1, "percent_covered": 100.0, "percent_covered_display": "100", "missing_lines": 0, "excluded_lines": 0, "percent_statements_covered": 100.0, "percent_statements_covered_display": "100"}, "missing_lines": [], "excluded_lines": [], "start_line": 323}, "VolcengineAdapter._build_test_generation_prompt": {"executed_lines": [341, 349, 350, 352, 353, 355, 363], "summary": {"covered_lines": 7, "num_statements": 7, "percent_covered": 100.0, "percent_covered_display": "100", "missing_lines": 0, "excluded_lines": 0, "percent_statements_covered": 100.0, "percent_statements_covered_display": "100"}, "missing_lines": [], "excluded_lines": [], "start_line": 332}, "VolcengineAdapter._parse_generated_tests": {"executed_lines": [379, 381, 382, 394, 396], "summary": {"covered_lines": 5, "num_statements": 5, "percent_covered": 100.0, "percent_covered_display": "100", "missing_lines": 0, "excluded_lines": 0, "percent_statements_covered": 100.0, "percent_statements_covered_display": "100"}, "missing_lines": [], "excluded_lines": [], "start_line": 365}, "VolcengineAdapter._extract_uncovered_items": {"executed_lines": [410, 411, 412, 413, 414, 415], "summary": {"covered_lines": 6, "num_statements": 6, "percent_covered": 100.0, "percent_covered_display": "100", "missing_lines": 0, "excluded_lines": 0, "percent_statements_covered": 100.0, "percent_statements_covered_display": "100"}, "missing_lines": [], "excluded_lines": [], "start_line": 398}, "VolcengineAdapter._estimate_confidence": {"executed_lines": [426, 428, 429], "summary": {"covered_lines": 3, "num_statements": 3, "percent_covered": 100.0, "percent_covered_display": "100", "missing_lines": 0, "excluded_lines": 0, "percent_statements_covered": 100.0, "percent_statements_covered_display": "100"}, "missing_lines": [], "excluded_lines": [], "start_line": 417}, "VolcengineAdapter._parse_code_findings": {"executed_lines": [], "summary": {"covered_lines": 0, "num_statements": 1, "percent_covered": 0.0, "percent_covered_display": "0", "missing_lines": 1, "excluded_lines": 0, "percent_statements_covered": 0.0, "percent_statements_covered_display": "0"}, "missing_lines": [440], "excluded_lines": [], "start_line": 431}, "VolcengineAdapter._parse_code_suggestions": {"executed_lines": [], "summary": {"covered_lines": 0, "num_statements": 1, "percent_covered": 0.0, "percent_covered_display": "0", "missing_lines": 1, "excluded_lines": 0, "percent_statements_covered": 0.0, "percent_statements_covered_display": "0"}, "missing_lines": [451], "excluded_lines": [], "start_line": 442}, "VolcengineAdapter._extract_risk_level": {"executed_lines": [462, 464, 467, 468, 469, 470, 472], "summary": {"covered_lines": 7, "num_statements": 7, "percent_covered": 100.0, "percent_covered_display": "100", "missing_lines": 0, "excluded_lines": 0, "percent_statements_covered": 100.0, "percent_statements_covered_display": "100"}, "missing_lines": [], "excluded_lines": [], "start_line": 453}, "": {"executed_lines": [3, 4, 6, 8, 9, 20, 21, 22, 23, 24, 27, 33, 62, 63, 67, 68, 72, 113, 143, 191, 243, 288, 313, 323, 332, 365, 398, 417, 431, 442, 453], "summary": {"covered_lines": 31, "num_statements": 31, "percent_covered": 100.0, "percent_covered_display": "100", "missing_lines": 0, "excluded_lines": 0, "percent_statements_covered": 100.0, "percent_statements_covered_display": "100"}, "missing_lines": [], "excluded_lines": [], "start_line": 1}}, "classes": {"VolcengineAdapter": {"executed_lines": [54, 55, 56, 57, 58, 59, 60, 65, 70, 89, 92, 101, 102, 103, 104, 106, 130, 133, 141, 162, 163, 176, 185, 186, 187, 189, 260, 261, 262, 278, 286, 298, 299, 301, 302, 308, 309, 310, 311, 315, 325, 341, 349, 350, 352, 353, 355, 363, 379, 381, 382, 394, 396, 410, 411, 412, 413, 414, 415, 426, 428, 429, 462, 464, 467, 468, 469, 470, 472], "summary": {"covered_lines": 69, "num_statements": 78, "percent_covered": 88.46153846153847, "percent_covered_display": "88", "missing_lines": 9, "excluded_lines": 0, "percent_statements_covered": 88.46153846153847, "percent_statements_covered_display": "88"}, "missing_lines": [206, 223, 232, 233, 234, 235, 237, 440, 451], "excluded_lines": [], "start_line": 27}, "": {"executed_lines": [3, 4, 6, 8, 9, 20, 21, 22, 23, 24, 27, 33, 62, 63, 67, 68, 72, 113, 143, 191, 243, 288, 313, 323, 332, 365, 398, 417, 431, 442, 453], "summary": {"covered_lines": 31, "num_statements": 31, "percent_covered": 100.0, "percent_covered_display": "100", "missing_lines": 0, "excluded_lines": 0, "percent_statements_covered": 100.0, "percent_statements_covered_display": "100"}, "missing_lines": [], "excluded_lines": [], "start_line": 1}}}, "jcia\\adapters\\database\\__init__.py": {"executed_lines": [], "summary": {"covered_lines": 0, "num_statements": 0, "percent_covered": 100.0, "percent_covered_display": "100", "missing_lines": 0, "excluded_lines": 0, "percent_statements_covered": 100.0, "percent_statements_covered_display": "100"}, "missing_lines": [], "excluded_lines": [], "functions": {"": {"executed_lines": [], "summary": {"covered_lines": 0, "num_statements": 0, "percent_covered": 100.0, "percent_covered_display": "100", "missing_lines": 0, "excluded_lines": 0, "percent_statements_covered": 100.0, "percent_statements_covered_display": "100"}, "missing_lines": [], "excluded_lines": [], "start_line": 1}}, "classes": {"": {"executed_lines": [], "summary": {"covered_lines": 0, "num_statements": 0, "percent_covered": 100.0, "percent_covered_display": "100", "missing_lines": 0, "excluded_lines": 0, "percent_statements_covered": 100.0, "percent_statements_covered_display": "100"}, "missing_lines": [], "excluded_lines": [], "start_line": 1}}}, "jcia\\adapters\\database\\sqlite_database_adapter.py": {"executed_lines": [9, 11, 20, 21, 35, 38, 39, 40, 41, 42, 43, 45, 46, 48, 50, 52, 55, 62, 64, 72, 73, 80, 91, 92], "summary": {"covered_lines": 24, "num_statements": 24, "percent_covered": 100.0, "percent_covered_display": "100", "missing_lines": 0, "excluded_lines": 2, "percent_statements_covered": 100.0, "percent_statements_covered_display": "100"}, "missing_lines": [], "excluded_lines": [27, 28], "functions": {"SQLiteDatabaseAdapter.__init__": {"executed_lines": [39, 40, 41, 42, 43], "summary": {"covered_lines": 5, "num_statements": 5, "percent_covered": 100.0, "percent_covered_display": "100", "missing_lines": 0, "excluded_lines": 0, "percent_statements_covered": 100.0, "percent_statements_covered_display": "100"}, "missing_lines": [], "excluded_lines": [], "start_line": 38}, "SQLiteDatabaseAdapter.is_connected": {"executed_lines": [48], "summary": {"covered_lines": 1, "num_statements": 1, "percent_covered": 100.0, "percent_covered_display": "100", "missing_lines": 0, "excluded_lines": 0, "percent_statements_covered": 100.0, "percent_statements_covered_display": "100"}, "missing_lines": [], "excluded_lines": [], "start_line": 46}, "SQLiteDatabaseAdapter.close": {"executed_lines": [52], "summary": {"covered_lines": 1, "num_statements": 1, "percent_covered": 100.0, "percent_covered_display": "100", "missing_lines": 0, "excluded_lines": 0, "percent_statements_covered": 100.0, "percent_statements_covered_display": "100"}, "missing_lines": [], "excluded_lines": [], "start_line": 50}, "SQLiteDatabaseAdapter.create_test_run": {"executed_lines": [62], "summary": {"covered_lines": 1, "num_statements": 1, "percent_covered": 100.0, "percent_covered_display": "100", "missing_lines": 0, "excluded_lines": 0, "percent_statements_covered": 100.0, "percent_statements_covered_display": "100"}, "missing_lines": [], "excluded_lines": [], "start_line": 55}, "SQLiteDatabaseAdapter.create_test_result": {"executed_lines": [72, 73], "summary": {"covered_lines": 2, "num_statements": 2, "percent_covered": 100.0, "percent_covered_display": "100", "missing_lines": 0, "excluded_lines": 0, "percent_statements_covered": 100.0, "percent_statements_covered_display": "100"}, "missing_lines": [], "excluded_lines": [], "start_line": 64}, "SQLiteDatabaseAdapter.create_test_diff": {"executed_lines": [91, 92], "summary": {"covered_lines": 2, "num_statements": 2, "percent_covered": 100.0, "percent_covered_display": "100", "missing_lines": 0, "excluded_lines": 0, "percent_statements_covered": 100.0, "percent_statements_covered_display": "100"}, "missing_lines": [], "excluded_lines": [], "start_line": 80}, "": {"executed_lines": [9, 11, 20, 21, 35, 38, 45, 46, 50, 55, 64, 80], "summary": {"covered_lines": 12, "num_statements": 12, "percent_covered": 100.0, "percent_covered_display": "100", "missing_lines": 0, "excluded_lines": 2, "percent_statements_covered": 100.0, "percent_statements_covered_display": "100"}, "missing_lines": [], "excluded_lines": [27, 28], "start_line": 1}}, "classes": {"SQLiteDatabaseAdapter": {"executed_lines": [39, 40, 41, 42, 43, 48, 52, 62, 72, 73, 91, 92], "summary": {"covered_lines": 12, "num_statements": 12, "percent_covered": 100.0, "percent_covered_display": "100", "missing_lines": 0, "excluded_lines": 0, "percent_statements_covered": 100.0, "percent_statements_covered_display": "100"}, "missing_lines": [], "excluded_lines": [], "start_line": 35}, "": {"executed_lines": [9, 11, 20, 21, 35, 38, 45, 46, 50, 55, 64, 80], "summary": {"covered_lines": 12, "num_statements": 12, "percent_covered": 100.0, "percent_covered_display": "100", "missing_lines": 0, "excluded_lines": 2, "percent_statements_covered": 100.0, "percent_statements_covered_display": "100"}, "missing_lines": [], "excluded_lines": [27, 28], "start_line": 1}}}, "jcia\\adapters\\git\\__init__.py": {"executed_lines": [], "summary": {"covered_lines": 0, "num_statements": 0, "percent_covered": 100.0, "percent_covered_display": "100", "missing_lines": 0, "excluded_lines": 0, "percent_statements_covered": 100.0, "percent_statements_covered_display": "100"}, "missing_lines": [], "excluded_lines": [], "functions": {"": {"executed_lines": [], "summary": {"covered_lines": 0, "num_statements": 0, "percent_covered": 100.0, "percent_covered_display": "100", "missing_lines": 0, "excluded_lines": 0, "percent_statements_covered": 100.0, "percent_statements_covered_display": "100"}, "missing_lines": [], "excluded_lines": [], "start_line": 1}}, "classes": {"": {"executed_lines": [], "summary": {"covered_lines": 0, "num_statements": 0, "percent_covered": 100.0, "percent_covered_display": "100", "missing_lines": 0, "excluded_lines": 0, "percent_statements_covered": 100.0, "percent_statements_covered_display": "100"}, "missing_lines": [], "excluded_lines": [], "start_line": 1}}}, "jcia\\adapters\\git\\pydriller_adapter.py": {"executed_lines": [3, 4, 5, 7, 9, 16, 19, 25, 31, 33, 43, 45, 50, 51, 52, 53, 54, 55, 63, 65, 66, 67, 69, 71, 73, 83, 84, 85, 87, 89, 98, 100, 101, 103, 104, 105, 106, 107, 108, 110, 111, 112, 113, 118, 119, 121, 123, 124, 130, 132, 134, 135, 137, 157, 158, 159, 160, 161, 162, 164, 166, 173, 176, 177, 178, 180, 182, 184, 193, 199, 202, 204, 205, 207, 216, 217, 218, 219, 220, 222, 224, 233, 235, 236, 237, 239, 241, 242, 243, 246, 248, 250, 251, 255, 257, 258, 259, 262, 265], "summary": {"covered_lines": 99, "num_statements": 105, "percent_covered": 94.28571428571429, "percent_covered_display": "94", "missing_lines": 6, "excluded_lines": 0, "percent_statements_covered": 94.28571428571429, "percent_statements_covered_display": "94"}, "missing_lines": [114, 116, 174, 252, 254, 263], "excluded_lines": [], "functions": {"PyDrillerAdapter.__init__": {"executed_lines": [31], "summary": {"covered_lines": 1, "num_statements": 1, "percent_covered": 100.0, "percent_covered_display": "100", "missing_lines": 0, "excluded_lines": 0, "percent_statements_covered": 100.0, "percent_statements_covered_display": "100"}, "missing_lines": [], "excluded_lines": [], "start_line": 25}, "PyDrillerAdapter.analyze_commits": {"executed_lines": [43, 45, 50, 51, 52, 53, 54, 55, 63, 65, 66, 67, 69, 71], "summary": {"covered_lines": 14, "num_statements": 14, "percent_covered": 100.0, "percent_covered_display": "100", "missing_lines": 0, "excluded_lines": 0, "percent_statements_covered": 100.0, "percent_statements_covered_display": "100"}, "missing_lines": [], "excluded_lines": [], "start_line": 33}, "PyDrillerAdapter.analyze_commit_range": {"executed_lines": [83, 84, 85, 87], "summary": {"covered_lines": 4, "num_statements": 4, "percent_covered": 100.0, "percent_covered_display": "100", "missing_lines": 0, "excluded_lines": 0, "percent_statements_covered": 100.0, "percent_statements_covered_display": "100"}, "missing_lines": [], "excluded_lines": [], "start_line": 73}, "PyDrillerAdapter.get_changed_methods": {"executed_lines": [98, 100, 101, 103, 104, 105, 106, 107, 108, 110, 111, 112, 113, 118, 119, 121], "summary": {"covered_lines": 16, "num_statements": 18, "percent_covered": 88.88888888888889, "percent_covered_display": "89", "missing_lines": 2, "excluded_lines": 0, "percent_statements_covered": 88.88888888888889, "percent_statements_covered_display": "89"}, "missing_lines": [114, 116], "excluded_lines": [], "start_line": 89}, "PyDrillerAdapter.analyzer_name": {"executed_lines": [130], "summary": {"covered_lines": 1, "num_statements": 1, "percent_covered": 100.0, "percent_covered_display": "100", "missing_lines": 0, "excluded_lines": 0, "percent_statements_covered": 100.0, "percent_statements_covered_display": "100"}, "missing_lines": [], "excluded_lines": [], "start_line": 124}, "PyDrillerAdapter._ensure_repo_exists": {"executed_lines": [134, 135], "summary": {"covered_lines": 2, "num_statements": 2, "percent_covered": 100.0, "percent_covered_display": "100", "missing_lines": 0, "excluded_lines": 0, "percent_statements_covered": 100.0, "percent_statements_covered_display": "100"}, "missing_lines": [], "excluded_lines": [], "start_line": 132}, "PyDrillerAdapter._collect_commits": {"executed_lines": [157, 158, 159, 160, 161, 162], "summary": {"covered_lines": 6, "num_statements": 6, "percent_covered": 100.0, "percent_covered_display": "100", "missing_lines": 0, "excluded_lines": 0, "percent_statements_covered": 100.0, "percent_statements_covered_display": "100"}, "missing_lines": [], "excluded_lines": [], "start_line": 137}, "PyDrillerAdapter._map_change_type": {"executed_lines": [166, 173, 176, 177, 178, 180, 182], "summary": {"covered_lines": 7, "num_statements": 8, "percent_covered": 87.5, "percent_covered_display": "88", "missing_lines": 1, "excluded_lines": 0, "percent_statements_covered": 87.5, "percent_statements_covered_display": "88"}, "missing_lines": [174], "excluded_lines": [], "start_line": 164}, "PyDrillerAdapter._convert_file_change": {"executed_lines": [193, 199, 202, 204, 205, 207, 216, 217, 218, 219, 220, 222], "summary": {"covered_lines": 12, "num_statements": 12, "percent_covered": 100.0, "percent_covered_display": "100", "missing_lines": 0, "excluded_lines": 0, "percent_statements_covered": 100.0, "percent_statements_covered_display": "100"}, "missing_lines": [], "excluded_lines": [], "start_line": 184}, "PyDrillerAdapter._convert_method_change": {"executed_lines": [233, 235, 236, 237, 239, 241, 242, 243, 246, 248, 250, 251, 255, 257, 258, 259, 262, 265], "summary": {"covered_lines": 18, "num_statements": 21, "percent_covered": 85.71428571428571, "percent_covered_display": "86", "missing_lines": 3, "excluded_lines": 0, "percent_statements_covered": 85.71428571428571, "percent_statements_covered_display": "86"}, "missing_lines": [252, 254, 263], "excluded_lines": [], "start_line": 224}, "": {"executed_lines": [3, 4, 5, 7, 9, 16, 19, 25, 33, 73, 89, 123, 124, 132, 137, 164, 184, 224], "summary": {"covered_lines": 18, "num_statements": 18, "percent_covered": 100.0, "percent_covered_display": "100", "missing_lines": 0, "excluded_lines": 0, "percent_statements_covered": 100.0, "percent_statements_covered_display": "100"}, "missing_lines": [], "excluded_lines": [], "start_line": 1}}, "classes": {"PyDrillerAdapter": {"executed_lines": [31, 43, 45, 50, 51, 52, 53, 54, 55, 63, 65, 66, 67, 69, 71, 83, 84, 85, 87, 98, 100, 101, 103, 104, 105, 106, 107, 108, 110, 111, 112, 113, 118, 119, 121, 130, 134, 135, 157, 158, 159, 160, 161, 162, 166, 173, 176, 177, 178, 180, 182, 193, 199, 202, 204, 205, 207, 216, 217, 218, 219, 220, 222, 233, 235, 236, 237, 239, 241, 242, 243, 246, 248, 250, 251, 255, 257, 258, 259, 262, 265], "summary": {"covered_lines": 81, "num_statements": 87, "percent_covered": 93.10344827586206, "percent_covered_display": "93", "missing_lines": 6, "excluded_lines": 0, "percent_statements_covered": 93.10344827586206, "percent_statements_covered_display": "93"}, "missing_lines": [114, 116, 174, 252, 254, 263], "excluded_lines": [], "start_line": 19}, "": {"executed_lines": [3, 4, 5, 7, 9, 16, 19, 25, 33, 73, 89, 123, 124, 132, 137, 164, 184, 224], "summary": {"covered_lines": 18, "num_statements": 18, "percent_covered": 100.0, "percent_covered_display": "100", "missing_lines": 0, "excluded_lines": 0, "percent_statements_covered": 100.0, "percent_statements_covered_display": "100"}, "missing_lines": [], "excluded_lines": [], "start_line": 1}}}, "jcia\\adapters\\maven\\__init__.py": {"executed_lines": [], "summary": {"covered_lines": 0, "num_statements": 0, "percent_covered": 100.0, "percent_covered_display": "100", "missing_lines": 0, "excluded_lines": 0, "percent_statements_covered": 100.0, "percent_statements_covered_display": "100"}, "missing_lines": [], "excluded_lines": [], "functions": {"": {"executed_lines": [], "summary": {"covered_lines": 0, "num_statements": 0, "percent_covered": 100.0, "percent_covered_display": "100", "missing_lines": 0, "excluded_lines": 0, "percent_statements_covered": 100.0, "percent_statements_covered_display": "100"}, "missing_lines": [], "excluded_lines": [], "start_line": 1}}, "classes": {"": {"executed_lines": [], "summary": {"covered_lines": 0, "num_statements": 0, "percent_covered": 100.0, "percent_covered_display": "100", "missing_lines": 0, "excluded_lines": 0, "percent_statements_covered": 100.0, "percent_statements_covered_display": "100"}, "missing_lines": [], "excluded_lines": [], "start_line": 1}}}, "jcia\\adapters\\maven\\maven_adapter.py": {"executed_lines": [3, 4, 5, 7, 10, 16, 22, 24, 25, 27, 29, 30, 32, 34, 36, 37, 38, 40, 41, 43, 45, 50, 52, 54, 55, 61, 64, 67, 71, 84, 85, 87, 88, 89, 96, 97, 99, 100, 108, 114, 115, 121, 122, 129, 131, 133, 135, 137, 139, 141, 143, 144, 146, 147, 149, 151, 154, 155, 156, 157], "summary": {"covered_lines": 60, "num_statements": 65, "percent_covered": 92.3076923076923, "percent_covered_display": "92", "missing_lines": 5, "excluded_lines": 0, "percent_statements_covered": 92.3076923076923, "percent_statements_covered_display": "92"}, "missing_lines": [62, 65, 68, 69, 152], "excluded_lines": [], "functions": {"MavenAdapter.__init__": {"executed_lines": [22], "summary": {"covered_lines": 1, "num_statements": 1, "percent_covered": 100.0, "percent_covered_display": "100", "missing_lines": 0, "excluded_lines": 0, "percent_statements_covered": 100.0, "percent_statements_covered_display": "100"}, "missing_lines": [], "excluded_lines": [], "start_line": 16}, "MavenAdapter.tool_name": {"executed_lines": [27], "summary": {"covered_lines": 1, "num_statements": 1, "percent_covered": 100.0, "percent_covered_display": "100", "missing_lines": 0, "excluded_lines": 0, "percent_statements_covered": 100.0, "percent_statements_covered_display": "100"}, "missing_lines": [], "excluded_lines": [], "start_line": 25}, "MavenAdapter.tool_type": {"executed_lines": [32], "summary": {"covered_lines": 1, "num_statements": 1, "percent_covered": 100.0, "percent_covered_display": "100", "missing_lines": 0, "excluded_lines": 0, "percent_statements_covered": 100.0, "percent_statements_covered_display": "100"}, "missing_lines": [], "excluded_lines": [], "start_line": 30}, "MavenAdapter.check_status": {"executed_lines": [36, 37, 38, 40, 41, 43], "summary": {"covered_lines": 6, "num_statements": 6, "percent_covered": 100.0, "percent_covered_display": "100", "missing_lines": 0, "excluded_lines": 0, "percent_statements_covered": 100.0, "percent_statements_covered_display": "100"}, "missing_lines": [], "excluded_lines": [], "start_line": 34}, "MavenAdapter.install": {"executed_lines": [50], "summary": {"covered_lines": 1, "num_statements": 1, "percent_covered": 100.0, "percent_covered_display": "100", "missing_lines": 0, "excluded_lines": 0, "percent_statements_covered": 100.0, "percent_statements_covered_display": "100"}, "missing_lines": [], "excluded_lines": [], "start_line": 45}, "MavenAdapter.get_version": {"executed_lines": [54, 55, 61, 64, 67], "summary": {"covered_lines": 5, "num_statements": 9, "percent_covered": 55.55555555555556, "percent_covered_display": "56", "missing_lines": 4, "excluded_lines": 0, "percent_statements_covered": 55.55555555555556, "percent_statements_covered_display": "56"}, "missing_lines": [62, 65, 68, 69], "excluded_lines": [], "start_line": 52}, "MavenAdapter.execute": {"executed_lines": [84, 85, 87, 88, 89, 96, 97, 99, 100, 108, 114, 115, 121, 122], "summary": {"covered_lines": 14, "num_statements": 14, "percent_covered": 100.0, "percent_covered_display": "100", "missing_lines": 0, "excluded_lines": 0, "percent_statements_covered": 100.0, "percent_statements_covered_display": "100"}, "missing_lines": [], "excluded_lines": [], "start_line": 71}, "MavenAdapter.plugin_group_id": {"executed_lines": [131], "summary": {"covered_lines": 1, "num_statements": 1, "percent_covered": 100.0, "percent_covered_display": "100", "missing_lines": 0, "excluded_lines": 0, "percent_statements_covered": 100.0, "percent_statements_covered_display": "100"}, "missing_lines": [], "excluded_lines": [], "start_line": 129}, "MavenAdapter.plugin_artifact_id": {"executed_lines": [135], "summary": {"covered_lines": 1, "num_statements": 1, "percent_covered": 100.0, "percent_covered_display": "100", "missing_lines": 0, "excluded_lines": 0, "percent_statements_covered": 100.0, "percent_statements_covered_display": "100"}, "missing_lines": [], "excluded_lines": [], "start_line": 133}, "MavenAdapter.get_maven_goal": {"executed_lines": [139], "summary": {"covered_lines": 1, "num_statements": 1, "percent_covered": 100.0, "percent_covered_display": "100", "missing_lines": 0, "excluded_lines": 0, "percent_statements_covered": 100.0, "percent_statements_covered_display": "100"}, "missing_lines": [], "excluded_lines": [], "start_line": 137}, "MavenAdapter.build_maven_args": {"executed_lines": [143, 144, 146, 147], "summary": {"covered_lines": 4, "num_statements": 4, "percent_covered": 100.0, "percent_covered_display": "100", "missing_lines": 0, "excluded_lines": 0, "percent_statements_covered": 100.0, "percent_statements_covered_display": "100"}, "missing_lines": [], "excluded_lines": [], "start_line": 141}, "MavenAdapter._normalize_args": {"executed_lines": [151, 154, 155, 156, 157], "summary": {"covered_lines": 5, "num_statements": 6, "percent_covered": 83.33333333333333, "percent_covered_display": "83", "missing_lines": 1, "excluded_lines": 0, "percent_statements_covered": 83.33333333333333, "percent_statements_covered_display": "83"}, "missing_lines": [152], "excluded_lines": [], "start_line": 149}, "": {"executed_lines": [3, 4, 5, 7, 10, 16, 24, 25, 29, 30, 34, 45, 52, 71, 129, 133, 137, 141, 149], "summary": {"covered_lines": 19, "num_statements": 19, "percent_covered": 100.0, "percent_covered_display": "100", "missing_lines": 0, "excluded_lines": 0, "percent_statements_covered": 100.0, "percent_statements_covered_display": "100"}, "missing_lines": [], "excluded_lines": [], "start_line": 1}}, "classes": {"MavenAdapter": {"executed_lines": [22, 27, 32, 36, 37, 38, 40, 41, 43, 50, 54, 55, 61, 64, 67, 84, 85, 87, 88, 89, 96, 97, 99, 100, 108, 114, 115, 121, 122, 131, 135, 139, 143, 144, 146, 147, 151, 154, 155, 156, 157], "summary": {"covered_lines": 41, "num_statements": 46, "percent_covered": 89.1304347826087, "percent_covered_display": "89", "missing_lines": 5, "excluded_lines": 0, "percent_statements_covered": 89.1304347826087, "percent_statements_covered_display": "89"}, "missing_lines": [62, 65, 68, 69, 152], "excluded_lines": [], "start_line": 10}, "": {"executed_lines": [3, 4, 5, 7, 10, 16, 24, 25, 29, 30, 34, 45, 52, 71, 129, 133, 137, 141, 149], "summary": {"covered_lines": 19, "num_statements": 19, "percent_covered": 100.0, "percent_covered_display": "100", "missing_lines": 0, "excluded_lines": 0, "percent_statements_covered": 100.0, "percent_statements_covered_display": "100"}, "missing_lines": [], "excluded_lines": [], "start_line": 1}}}, "jcia\\adapters\\test_runners\\__init__.py": {"executed_lines": [3, 7], "summary": {"covered_lines": 2, "num_statements": 2, "percent_covered": 100.0, "percent_covered_display": "100", "missing_lines": 0, "excluded_lines": 0, "percent_statements_covered": 100.0, "percent_statements_covered_display": "100"}, "missing_lines": [], "excluded_lines": [], "functions": {"": {"executed_lines": [3, 7], "summary": {"covered_lines": 2, "num_statements": 2, "percent_covered": 100.0, "percent_covered_display": "100", "missing_lines": 0, "excluded_lines": 0, "percent_statements_covered": 100.0, "percent_statements_covered_display": "100"}, "missing_lines": [], "excluded_lines": [], "start_line": 1}}, "classes": {"": {"executed_lines": [3, 7], "summary": {"covered_lines": 2, "num_statements": 2, "percent_covered": 100.0, "percent_covered_display": "100", "missing_lines": 0, "excluded_lines": 0, "percent_statements_covered": 100.0, "percent_statements_covered_display": "100"}, "missing_lines": [], "excluded_lines": [], "start_line": 1}}}, "jcia\\adapters\\test_runners\\maven_surefire_test_executor.py": {"executed_lines": [7, 8, 9, 10, 12, 18, 19, 20, 21, 27, 30, 31, 34, 35, 38, 40, 41, 42, 45, 55, 70, 71, 72, 73, 76, 77, 78, 80, 82, 98, 100, 101, 104, 105, 107, 123, 126, 129, 132, 133, 135, 137, 139, 150, 152, 159, 168, 171, 172, 173, 176, 177, 179, 180, 183, 185, 186, 189, 191, 202, 204, 207, 208, 209, 212, 213, 215, 218, 220, 221, 224, 226, 235, 237, 239, 242, 243, 245, 248, 250, 256, 259, 260, 261, 263, 264, 265, 266, 267, 268, 270, 273, 274, 275, 277, 278, 279, 280, 281, 282, 284, 286, 293, 295, 304, 305, 306, 308, 318, 319, 320, 322, 323, 324, 325, 326, 327, 328, 329, 331, 333, 334, 335, 345, 354, 355, 356, 359, 360, 362, 363, 364, 365, 366, 367, 368, 369, 370, 371, 372, 373, 375, 376, 377, 379, 388, 393, 395, 396, 397, 400, 401, 402, 405, 406, 407, 408, 409, 410, 411, 413, 416, 417, 418, 419, 420, 421, 424, 425, 426, 427, 428, 429, 430, 431, 434, 435, 436, 441, 443, 444, 446, 452, 454, 455, 456, 458, 459, 460, 462, 463, 466, 467, 468, 469, 470, 471, 472, 473, 475, 477, 481, 487, 488, 489, 491, 505, 508, 510, 513, 515, 524, 526, 527, 528, 529, 530, 531, 533, 545, 547, 549, 550, 558, 560, 571, 573, 574, 577, 578, 581, 582, 584, 586, 588, 589, 590, 592, 593], "summary": {"covered_lines": 239, "num_statements": 239, "percent_covered": 100.0, "percent_covered_display": "100", "missing_lines": 0, "excluded_lines": 2, "percent_statements_covered": 100.0, "percent_statements_covered_display": "100"}, "missing_lines": [], "excluded_lines": [14, 16], "functions": {"MavenSurefireTestExecutor.__init__": {"executed_lines": [70, 71, 72, 73, 76, 77, 78, 80], "summary": {"covered_lines": 8, "num_statements": 8, "percent_covered": 100.0, "percent_covered_display": "100", "missing_lines": 0, "excluded_lines": 0, "percent_statements_covered": 100.0, "percent_statements_covered_display": "100"}, "missing_lines": [], "excluded_lines": [], "start_line": 55}, "MavenSurefireTestExecutor.execute_tests": {"executed_lines": [98, 100, 101, 104, 105], "summary": {"covered_lines": 5, "num_statements": 5, "percent_covered": 100.0, "percent_covered_display": "100", "missing_lines": 0, "excluded_lines": 0, "percent_statements_covered": 100.0, "percent_statements_covered_display": "100"}, "missing_lines": [], "excluded_lines": [], "start_line": 82}, "MavenSurefireTestExecutor.execute_with_coverage": {"executed_lines": [123, 126, 129, 132, 133, 135, 137], "summary": {"covered_lines": 7, "num_statements": 7, "percent_covered": 100.0, "percent_covered_display": "100", "missing_lines": 0, "excluded_lines": 0, "percent_statements_covered": 100.0, "percent_statements_covered_display": "100"}, "missing_lines": [], "excluded_lines": [], "start_line": 107}, "MavenSurefireTestExecutor.get_coverage_report": {"executed_lines": [150, 152], "summary": {"covered_lines": 2, "num_statements": 2, "percent_covered": 100.0, "percent_covered_display": "100", "missing_lines": 0, "excluded_lines": 0, "percent_statements_covered": 100.0, "percent_statements_covered_display": "100"}, "missing_lines": [], "excluded_lines": [], "start_line": 139}, "MavenSurefireTestExecutor._run_all_tests": {"executed_lines": [168, 171, 172, 173, 176, 177, 179, 180, 183, 185, 186, 189], "summary": {"covered_lines": 12, "num_statements": 12, "percent_covered": 100.0, "percent_covered_display": "100", "missing_lines": 0, "excluded_lines": 0, "percent_statements_covered": 100.0, "percent_statements_covered_display": "100"}, "missing_lines": [], "excluded_lines": [], "start_line": 159}, "MavenSurefireTestExecutor._run_selected_tests": {"executed_lines": [202, 204, 207, 208, 209, 212, 213, 215, 218, 220, 221, 224], "summary": {"covered_lines": 12, "num_statements": 12, "percent_covered": 100.0, "percent_covered_display": "100", "missing_lines": 0, "excluded_lines": 0, "percent_statements_covered": 100.0, "percent_statements_covered_display": "100"}, "missing_lines": [], "excluded_lines": [], "start_line": 191}, "MavenSurefireTestExecutor._build_test_pattern": {"executed_lines": [235, 237, 239, 242, 243, 245, 248], "summary": {"covered_lines": 7, "num_statements": 7, "percent_covered": 100.0, "percent_covered_display": "100", "missing_lines": 0, "excluded_lines": 0, "percent_statements_covered": 100.0, "percent_statements_covered_display": "100"}, "missing_lines": [], "excluded_lines": [], "start_line": 226}, "MavenSurefireTestExecutor._parse_test_results": {"executed_lines": [256, 259, 260, 261, 263, 264, 265, 266, 267, 268, 270, 273, 274, 275, 277, 278, 279, 280, 281, 282, 284, 286, 293], "summary": {"covered_lines": 23, "num_statements": 23, "percent_covered": 100.0, "percent_covered_display": "100", "missing_lines": 0, "excluded_lines": 0, "percent_statements_covered": 100.0, "percent_statements_covered_display": "100"}, "missing_lines": [], "excluded_lines": [], "start_line": 250}, "MavenSurefireTestExecutor._parse_test_suite_xml": {"executed_lines": [304, 305, 306, 308, 318, 319, 320, 322, 323, 324, 325, 326, 327, 328, 329, 331, 333, 334, 335], "summary": {"covered_lines": 19, "num_statements": 19, "percent_covered": 100.0, "percent_covered_display": "100", "missing_lines": 0, "excluded_lines": 0, "percent_statements_covered": 100.0, "percent_statements_covered_display": "100"}, "missing_lines": [], "excluded_lines": [], "start_line": 295}, "MavenSurefireTestExecutor._parse_test_case": {"executed_lines": [354, 355, 356, 359, 360, 362, 363, 364, 365, 366, 367, 368, 369, 370, 371, 372, 373, 375, 376, 377, 379], "summary": {"covered_lines": 21, "num_statements": 21, "percent_covered": 100.0, "percent_covered_display": "100", "missing_lines": 0, "excluded_lines": 0, "percent_statements_covered": 100.0, "percent_statements_covered_display": "100"}, "missing_lines": [], "excluded_lines": [], "start_line": 345}, "MavenSurefireTestExecutor._configure_jacoco": {"executed_lines": [393, 395, 396, 397, 400, 401, 402, 405, 406, 407, 408, 409, 410, 411, 413, 416, 417, 418, 419, 420, 421, 424, 425, 426, 427, 428, 429, 430, 431, 434, 435, 436, 441, 443, 444], "summary": {"covered_lines": 35, "num_statements": 35, "percent_covered": 100.0, "percent_covered_display": "100", "missing_lines": 0, "excluded_lines": 0, "percent_statements_covered": 100.0, "percent_statements_covered_display": "100"}, "missing_lines": [], "excluded_lines": [], "start_line": 388}, "MavenSurefireTestExecutor._parse_jacoco_coverage": {"executed_lines": [452, 454, 455, 456, 458, 459, 460, 462, 463, 466, 467, 468, 469, 470, 471, 472, 473, 475, 477, 481, 487, 488, 489], "summary": {"covered_lines": 23, "num_statements": 23, "percent_covered": 100.0, "percent_covered_display": "100", "missing_lines": 0, "excluded_lines": 0, "percent_statements_covered": 100.0, "percent_statements_covered_display": "100"}, "missing_lines": [], "excluded_lines": [], "start_line": 446}, "MavenSurefireTestExecutor.execute_incremental_tests": {"executed_lines": [505, 508, 510, 513], "summary": {"covered_lines": 4, "num_statements": 4, "percent_covered": 100.0, "percent_covered_display": "100", "missing_lines": 0, "excluded_lines": 0, "percent_statements_covered": 100.0, "percent_statements_covered_display": "100"}, "missing_lines": [], "excluded_lines": [], "start_line": 491}, "MavenSurefireTestExecutor._load_baseline": {"executed_lines": [524, 526, 527, 528, 529, 530, 531], "summary": {"covered_lines": 7, "num_statements": 7, "percent_covered": 100.0, "percent_covered_display": "100", "missing_lines": 0, "excluded_lines": 0, "percent_statements_covered": 100.0, "percent_statements_covered_display": "100"}, "missing_lines": [], "excluded_lines": [], "start_line": 515}, "MavenSurefireTestExecutor._select_affected_tests": {"executed_lines": [545, 547, 549, 550, 558], "summary": {"covered_lines": 5, "num_statements": 5, "percent_covered": 100.0, "percent_covered_display": "100", "missing_lines": 0, "excluded_lines": 0, "percent_statements_covered": 100.0, "percent_statements_covered_display": "100"}, "missing_lines": [], "excluded_lines": [], "start_line": 533}, "MavenSurefireTestExecutor._is_test_affected": {"executed_lines": [571, 573, 574, 577, 578, 581, 582, 584], "summary": {"covered_lines": 8, "num_statements": 8, "percent_covered": 100.0, "percent_covered_display": "100", "missing_lines": 0, "excluded_lines": 0, "percent_statements_covered": 100.0, "percent_statements_covered_display": "100"}, "missing_lines": [], "excluded_lines": [], "start_line": 560}, "MavenSurefireTestExecutor.clean_test_reports": {"executed_lines": [588, 589, 590, 592, 593], "summary": {"covered_lines": 5, "num_statements": 5, "percent_covered": 100.0, "percent_covered_display": "100", "missing_lines": 0, "excluded_lines": 0, "percent_statements_covered": 100.0, "percent_statements_covered_display": "100"}, "missing_lines": [], "excluded_lines": [], "start_line": 586}, "": {"executed_lines": [7, 8, 9, 10, 12, 18, 19, 20, 21, 27, 30, 31, 34, 35, 38, 40, 41, 42, 45, 55, 82, 107, 139, 159, 191, 226, 250, 295, 345, 388, 446, 491, 515, 533, 560, 586], "summary": {"covered_lines": 36, "num_statements": 36, "percent_covered": 100.0, "percent_covered_display": "100", "missing_lines": 0, "excluded_lines": 2, "percent_statements_covered": 100.0, "percent_statements_covered_display": "100"}, "missing_lines": [], "excluded_lines": [14, 16], "start_line": 1}}, "classes": {"TestMethodInfo": {"executed_lines": [], "summary": {"covered_lines": 0, "num_statements": 0, "percent_covered": 100.0, "percent_covered_display": "100", "missing_lines": 0, "excluded_lines": 0, "percent_statements_covered": 100.0, "percent_statements_covered_display": "100"}, "missing_lines": [], "excluded_lines": [], "start_line": 35}, "MavenSurefireTestExecutor": {"executed_lines": [70, 71, 72, 73, 76, 77, 78, 80, 98, 100, 101, 104, 105, 123, 126, 129, 132, 133, 135, 137, 150, 152, 168, 171, 172, 173, 176, 177, 179, 180, 183, 185, 186, 189, 202, 204, 207, 208, 209, 212, 213, 215, 218, 220, 221, 224, 235, 237, 239, 242, 243, 245, 248, 256, 259, 260, 261, 263, 264, 265, 266, 267, 268, 270, 273, 274, 275, 277, 278, 279, 280, 281, 282, 284, 286, 293, 304, 305, 306, 308, 318, 319, 320, 322, 323, 324, 325, 326, 327, 328, 329, 331, 333, 334, 335, 354, 355, 356, 359, 360, 362, 363, 364, 365, 366, 367, 368, 369, 370, 371, 372, 373, 375, 376, 377, 379, 393, 395, 396, 397, 400, 401, 402, 405, 406, 407, 408, 409, 410, 411, 413, 416, 417, 418, 419, 420, 421, 424, 425, 426, 427, 428, 429, 430, 431, 434, 435, 436, 441, 443, 444, 452, 454, 455, 456, 458, 459, 460, 462, 463, 466, 467, 468, 469, 470, 471, 472, 473, 475, 477, 481, 487, 488, 489, 505, 508, 510, 513, 524, 526, 527, 528, 529, 530, 531, 545, 547, 549, 550, 558, 571, 573, 574, 577, 578, 581, 582, 584, 588, 589, 590, 592, 593], "summary": {"covered_lines": 203, "num_statements": 203, "percent_covered": 100.0, "percent_covered_display": "100", "missing_lines": 0, "excluded_lines": 0, "percent_statements_covered": 100.0, "percent_statements_covered_display": "100"}, "missing_lines": [], "excluded_lines": [], "start_line": 45}, "": {"executed_lines": [7, 8, 9, 10, 12, 18, 19, 20, 21, 27, 30, 31, 34, 35, 38, 40, 41, 42, 45, 55, 82, 107, 139, 159, 191, 226, 250, 295, 345, 388, 446, 491, 515, 533, 560, 586], "summary": {"covered_lines": 36, "num_statements": 36, "percent_covered": 100.0, "percent_covered_display": "100", "missing_lines": 0, "excluded_lines": 2, "percent_statements_covered": 100.0, "percent_statements_covered_display": "100"}, "missing_lines": [], "excluded_lines": [14, 16], "start_line": 1}}}, "jcia\\adapters\\tools\\__init__.py": {"executed_lines": [3, 4, 5, 6, 10], "summary": {"covered_lines": 5, "num_statements": 5, "percent_covered": 100.0, "percent_covered_display": "100", "missing_lines": 0, "excluded_lines": 0, "percent_statements_covered": 100.0, "percent_statements_covered_display": "100"}, "missing_lines": [], "excluded_lines": [], "functions": {"": {"executed_lines": [3, 4, 5, 6, 10], "summary": {"covered_lines": 5, "num_statements": 5, "percent_covered": 100.0, "percent_covered_display": "100", "missing_lines": 0, "excluded_lines": 0, "percent_statements_covered": 100.0, "percent_statements_covered_display": "100"}, "missing_lines": [], "excluded_lines": [], "start_line": 1}}, "classes": {"": {"executed_lines": [3, 4, 5, 6, 10], "summary": {"covered_lines": 5, "num_statements": 5, "percent_covered": 100.0, "percent_covered_display": "100", "missing_lines": 0, "excluded_lines": 0, "percent_statements_covered": 100.0, "percent_statements_covered_display": "100"}, "missing_lines": [], "excluded_lines": [], "start_line": 1}}}, "jcia\\adapters\\tools\\codeql_adapter.py": {"executed_lines": [7, 8, 9, 10, 11, 12, 14, 25, 33, 36, 51, 69, 93, 107, 122, 123, 124, 125, 128, 129, 130, 133, 136, 137, 139, 141, 142, 144, 146, 147, 149, 151, 158, 159, 160, 163, 170, 171, 172, 174, 176, 184, 203, 204, 206, 207, 208, 210, 213, 219, 220, 223, 233, 234, 235, 244, 248, 249, 250, 252, 253, 255, 272, 275, 279, 280, 283, 285, 297, 298, 306, 307, 308, 311, 312, 313, 317, 320, 326, 328, 329, 330, 331, 336, 338, 341, 344, 351, 352, 361, 367, 370, 371, 373, 374, 381, 386, 387, 389, 390, 391, 393, 397, 402, 403, 408, 409, 411, 412, 413, 414, 418, 422, 424, 430, 433, 436, 448, 449, 457, 458, 459, 460, 462, 463, 464, 465, 466, 468, 469, 471, 472, 474, 488, 489, 490, 491, 492, 494, 497, 498, 501, 502, 503, 505, 514, 515, 520, 522, 534, 544, 547, 548, 550, 551, 554, 557, 561, 562, 564, 571, 572, 574, 575, 577, 580, 583, 586, 588, 589, 590, 591, 595, 596, 597, 598, 600, 602, 612, 615, 616, 618, 619, 622, 625, 629, 630, 632, 639, 640, 642, 643, 645, 648, 651, 654, 656, 657, 658, 659, 663, 664, 665, 666, 668, 670, 682, 683, 684, 686, 693, 694, 696, 697, 698, 705, 709, 710, 712, 719, 720, 724, 725, 726, 728, 730, 739, 740, 741, 742, 744, 754, 755, 759, 760, 766, 775, 776, 777, 778, 779, 781, 791, 801, 803, 804, 805, 806, 807, 808], "summary": {"covered_lines": 250, "num_statements": 284, "percent_covered": 88.02816901408451, "percent_covered_display": "88", "missing_lines": 34, "excluded_lines": 0, "percent_statements_covered": 88.02816901408451, "percent_statements_covered_display": "88"}, "missing_lines": [182, 214, 215, 216, 245, 246, 273, 276, 315, 318, 354, 355, 356, 382, 383, 404, 405, 415, 416, 434, 499, 530, 531, 532, 578, 581, 646, 649, 787, 788, 789, 797, 798, 799], "excluded_lines": [], "functions": {"CodeQLAdapter.__init__": {"executed_lines": [122, 123, 124, 125, 128, 129, 130, 133, 136, 137, 139], "summary": {"covered_lines": 11, "num_statements": 11, "percent_covered": 100.0, "percent_covered_display": "100", "missing_lines": 0, "excluded_lines": 0, "percent_statements_covered": 100.0, "percent_statements_covered_display": "100"}, "missing_lines": [], "excluded_lines": [], "start_line": 107}, "CodeQLAdapter.analyzer_type": {"executed_lines": [144], "summary": {"covered_lines": 1, "num_statements": 1, "percent_covered": 100.0, "percent_covered_display": "100", "missing_lines": 0, "excluded_lines": 0, "percent_statements_covered": 100.0, "percent_statements_covered_display": "100"}, "missing_lines": [], "excluded_lines": [], "start_line": 142}, "CodeQLAdapter.supports_cross_service": {"executed_lines": [149], "summary": {"covered_lines": 1, "num_statements": 1, "percent_covered": 100.0, "percent_covered_display": "100", "missing_lines": 0, "excluded_lines": 0, "percent_statements_covered": 100.0, "percent_statements_covered_display": "100"}, "missing_lines": [], "excluded_lines": [], "start_line": 147}, "CodeQLAdapter._find_codeql": {"executed_lines": [158, 159, 160, 163, 170, 171, 172, 174], "summary": {"covered_lines": 8, "num_statements": 8, "percent_covered": 100.0, "percent_covered_display": "100", "missing_lines": 0, "excluded_lines": 0, "percent_statements_covered": 100.0, "percent_statements_covered_display": "100"}, "missing_lines": [], "excluded_lines": [], "start_line": 151}, "CodeQLAdapter.is_available": {"executed_lines": [], "summary": {"covered_lines": 0, "num_statements": 1, "percent_covered": 0.0, "percent_covered_display": "0", "missing_lines": 1, "excluded_lines": 0, "percent_statements_covered": 0.0, "percent_statements_covered_display": "0"}, "missing_lines": [182], "excluded_lines": [], "start_line": 176}, "CodeQLAdapter.create_database": {"executed_lines": [203, 204, 206, 207, 208, 210, 213, 219, 220, 223, 233, 234, 235, 244, 248, 249, 250, 252, 253], "summary": {"covered_lines": 19, "num_statements": 24, "percent_covered": 79.16666666666667, "percent_covered_display": "79", "missing_lines": 5, "excluded_lines": 0, "percent_statements_covered": 79.16666666666667, "percent_statements_covered_display": "79"}, "missing_lines": [214, 215, 216, 245, 246], "excluded_lines": [], "start_line": 184}, "CodeQLAdapter._run_query": {"executed_lines": [272, 275, 279, 280, 283, 285, 297, 298, 306, 307, 308, 311, 312, 313, 317], "summary": {"covered_lines": 15, "num_statements": 19, "percent_covered": 78.94736842105263, "percent_covered_display": "79", "missing_lines": 4, "excluded_lines": 0, "percent_statements_covered": 78.94736842105263, "percent_statements_covered_display": "79"}, "missing_lines": [273, 276, 315, 318], "excluded_lines": [], "start_line": 255}, "CodeQLAdapter.analyze_database": {"executed_lines": [326, 328, 329, 330, 331, 336, 338, 341, 344, 351, 352], "summary": {"covered_lines": 11, "num_statements": 14, "percent_covered": 78.57142857142857, "percent_covered_display": "79", "missing_lines": 3, "excluded_lines": 0, "percent_statements_covered": 78.57142857142857, "percent_statements_covered_display": "79"}, "missing_lines": [354, 355, 356], "excluded_lines": [], "start_line": 320}, "CodeQLAdapter._extract_call_graph": {"executed_lines": [367, 370, 371, 373, 374, 381, 386, 387, 389, 390, 391, 393, 397, 402, 403, 408, 409, 411, 412, 413, 414, 418, 422], "summary": {"covered_lines": 23, "num_statements": 29, "percent_covered": 79.3103448275862, "percent_covered_display": "79", "missing_lines": 6, "excluded_lines": 0, "percent_statements_covered": 79.3103448275862, "percent_statements_covered_display": "79"}, "missing_lines": [382, 383, 404, 405, 415, 416], "excluded_lines": [], "start_line": 361}, "CodeQLAdapter._run_security_queries": {"executed_lines": [430, 433, 436, 448, 449, 457, 458, 459, 460, 462, 463, 464, 465, 466, 468, 469, 471, 472], "summary": {"covered_lines": 18, "num_statements": 19, "percent_covered": 94.73684210526316, "percent_covered_display": "95", "missing_lines": 1, "excluded_lines": 0, "percent_statements_covered": 94.73684210526316, "percent_statements_covered_display": "95"}, "missing_lines": [434], "excluded_lines": [], "start_line": 424}, "CodeQLAdapter._parse_sarif_result": {"executed_lines": [488, 489, 490, 491, 492, 494, 497, 498, 501, 502, 503, 505, 514, 515, 520, 522], "summary": {"covered_lines": 16, "num_statements": 20, "percent_covered": 80.0, "percent_covered_display": "80", "missing_lines": 4, "excluded_lines": 0, "percent_statements_covered": 80.0, "percent_statements_covered_display": "80"}, "missing_lines": [499, 530, 531, 532], "excluded_lines": [], "start_line": 474}, "CodeQLAdapter.analyze_upstream": {"executed_lines": [544, 547, 548, 550, 551, 554, 557, 561, 562, 564, 571, 572, 574, 575, 577, 580, 583, 586, 588, 589, 590, 591, 595, 596, 597, 598, 600], "summary": {"covered_lines": 27, "num_statements": 29, "percent_covered": 93.10344827586206, "percent_covered_display": "93", "missing_lines": 2, "excluded_lines": 0, "percent_statements_covered": 93.10344827586206, "percent_statements_covered_display": "93"}, "missing_lines": [578, 581], "excluded_lines": [], "start_line": 534}, "CodeQLAdapter.analyze_downstream": {"executed_lines": [612, 615, 616, 618, 619, 622, 625, 629, 630, 632, 639, 640, 642, 643, 645, 648, 651, 654, 656, 657, 658, 659, 663, 664, 665, 666, 668], "summary": {"covered_lines": 27, "num_statements": 29, "percent_covered": 93.10344827586206, "percent_covered_display": "93", "missing_lines": 2, "excluded_lines": 0, "percent_statements_covered": 93.10344827586206, "percent_statements_covered_display": "93"}, "missing_lines": [646, 649], "excluded_lines": [], "start_line": 602}, "CodeQLAdapter.analyze_both_directions": {"executed_lines": [682, 683, 684], "summary": {"covered_lines": 3, "num_statements": 3, "percent_covered": 100.0, "percent_covered_display": "100", "missing_lines": 0, "excluded_lines": 0, "percent_statements_covered": 100.0, "percent_statements_covered_display": "100"}, "missing_lines": [], "excluded_lines": [], "start_line": 670}, "CodeQLAdapter.build_full_graph": {"executed_lines": [693, 694, 696, 697, 698, 705, 709, 710, 712, 719, 720, 724, 725, 726, 728], "summary": {"covered_lines": 15, "num_statements": 15, "percent_covered": 100.0, "percent_covered_display": "100", "missing_lines": 0, "excluded_lines": 0, "percent_statements_covered": 100.0, "percent_statements_covered_display": "100"}, "missing_lines": [], "excluded_lines": [], "start_line": 686}, "CodeQLAdapter._parse_method": {"executed_lines": [739, 740, 741, 742], "summary": {"covered_lines": 4, "num_statements": 4, "percent_covered": 100.0, "percent_covered_display": "100", "missing_lines": 0, "excluded_lines": 0, "percent_statements_covered": 100.0, "percent_statements_covered_display": "100"}, "missing_lines": [], "excluded_lines": [], "start_line": 730}, "CodeQLAdapter._create_empty_graph": {"executed_lines": [754, 755, 759, 760], "summary": {"covered_lines": 4, "num_statements": 4, "percent_covered": 100.0, "percent_covered_display": "100", "missing_lines": 0, "excluded_lines": 0, "percent_statements_covered": 100.0, "percent_statements_covered_display": "100"}, "missing_lines": [], "excluded_lines": [], "start_line": 744}, "CodeQLAdapter._get_severity_by_depth": {"executed_lines": [775, 776, 777, 778, 779], "summary": {"covered_lines": 5, "num_statements": 5, "percent_covered": 100.0, "percent_covered_display": "100", "missing_lines": 0, "excluded_lines": 0, "percent_statements_covered": 100.0, "percent_statements_covered_display": "100"}, "missing_lines": [], "excluded_lines": [], "start_line": 766}, "CodeQLAdapter.get_security_findings": {"executed_lines": [], "summary": {"covered_lines": 0, "num_statements": 3, "percent_covered": 0.0, "percent_covered_display": "0", "missing_lines": 3, "excluded_lines": 0, "percent_statements_covered": 0.0, "percent_statements_covered_display": "0"}, "missing_lines": [787, 788, 789], "excluded_lines": [], "start_line": 781}, "CodeQLAdapter.get_data_flows": {"executed_lines": [], "summary": {"covered_lines": 0, "num_statements": 3, "percent_covered": 0.0, "percent_covered_display": "0", "missing_lines": 3, "excluded_lines": 0, "percent_statements_covered": 0.0, "percent_statements_covered_display": "0"}, "missing_lines": [797, 798, 799], "excluded_lines": [], "start_line": 791}, "CodeQLAdapter.cleanup": {"executed_lines": [803, 804, 805, 806, 807, 808], "summary": {"covered_lines": 6, "num_statements": 6, "percent_covered": 100.0, "percent_covered_display": "100", "missing_lines": 0, "excluded_lines": 0, "percent_statements_covered": 100.0, "percent_statements_covered_display": "100"}, "missing_lines": [], "excluded_lines": [], "start_line": 801}, "": {"executed_lines": [7, 8, 9, 10, 11, 12, 14, 25, 33, 36, 51, 69, 93, 107, 141, 142, 146, 147, 151, 176, 184, 255, 320, 361, 424, 474, 534, 602, 670, 686, 730, 744, 766, 781, 791, 801], "summary": {"covered_lines": 36, "num_statements": 36, "percent_covered": 100.0, "percent_covered_display": "100", "missing_lines": 0, "excluded_lines": 0, "percent_statements_covered": 100.0, "percent_statements_covered_display": "100"}, "missing_lines": [], "excluded_lines": [], "start_line": 1}}, "classes": {"CodeQLAdapter": {"executed_lines": [122, 123, 124, 125, 128, 129, 130, 133, 136, 137, 139, 144, 149, 158, 159, 160, 163, 170, 171, 172, 174, 203, 204, 206, 207, 208, 210, 213, 219, 220, 223, 233, 234, 235, 244, 248, 249, 250,
[...]
"start_line": 164}, "": {"executed_lines": [6, 7, 8, 9, 10, 18, 19, 33, 34, 35, 36, 37, 38, 39, 40, 42, 72, 73, 85, 86, 87, 88, 89, 90, 93, 99, 107, 108, 112, 113, 117, 118, 128, 129, 136, 148, 153, 164], "summary": {"covered_lines": 38, "num_statements": 38, "percent_covered": 100.0, "percent_covered_display": "100", "missing_lines": 0, "excluded_lines": 4, "percent_statements_covered": 100.0, "percent_statements_covered_display": "100"}, "missing_lines": [], "excluded_lines": [12, 13, 14, 15], "start_line": 1}}, "classes": {"ReportData": {"executed_lines": [48, 54, 55, 57, 58, 60, 61, 63, 64, 66, 67, 69], "summary": {"covered_lines": 12, "num_statements": 12, "percent_covered": 100.0, "percent_covered_display": "100", "missing_lines": 0, "excluded_lines": 0, "percent_statements_covered": 100.0, "percent_statements_covered_display": "100"}, "missing_lines": [], "excluded_lines": [], "start_line": 19}, "ReportResult": {"executed_lines": [], "summary": {"covered_lines": 0, "num_statements": 0, "percent_covered": 100.0, "percent_covered_display": "100", "missing_lines": 0, "excluded_lines": 0, "percent_statements_covered": 100.0, "percent_statements_covered_display": "100"}, "missing_lines": [], "excluded_lines": [], "start_line": 73}, "BaseReporter": {"executed_lines": [105, 110, 115, 145, 146, 150, 151, 162, 173], "summary": {"covered_lines": 9, "num_statements": 9, "percent_covered": 100.0, "percent_covered_display": "100", "missing_lines": 0, "excluded_lines": 0, "percent_statements_covered": 100.0, "percent_statements_covered_display": "100"}, "missing_lines": [], "excluded_lines": [], "start_line": 93}, "": {"executed_lines": [6, 7, 8, 9, 10, 18, 19, 33, 34, 35, 36, 37, 38, 39, 40, 42, 72, 73, 85, 86, 87, 88, 89, 90, 93, 99, 107, 108, 112, 113, 117, 118, 128, 129, 136, 148, 153, 164], "summary": {"covered_lines": 38, "num_statements": 38, "percent_covered": 100.0, "percent_covered_display": "100", "missing_lines": 0, "excluded_lines": 4, "percent_statements_covered": 100.0, "percent_statements_covered_display": "100"}, "missing_lines": [], "excluded_lines": [12, 13, 14, 15], "start_line": 1}}}, "jcia\\reports\\html_reporter.py": {"executed_lines": [6, 7, 9, 12, 18, 31, 32, 33, 35, 41, 43, 52, 53, 56, 59, 60, 61, 63, 71, 72, 78, 87, 90, 91, 92, 93, 95, 98, 99, 102, 103, 106, 107, 110, 111, 114, 115, 117, 119, 121, 131, 289, 295, 304, 313, 314, 315, 316, 319, 320, 321, 325, 326, 329, 365, 374, 376, 377, 427, 436, 437, 439, 462, 463, 475, 476, 477, 478, 480, 481, 483, 492, 497, 498, 500, 509, 511, 536, 537, 541, 542, 543, 551, 553, 554, 556, 565, 566, 568, 591, 592, 602, 603, 605, 610, 611], "summary": {"covered_lines": 96, "num_statements": 112, "percent_covered": 85.71428571428571, "percent_covered_display": "86", "missing_lines": 16, "excluded_lines": 0, "percent_statements_covered": 85.71428571428571, "percent_statements_covered_display": "86"}, "missing_lines": [323, 327, 379, 395, 396, 397, 398, 399, 400, 402, 404, 405, 407, 409, 419, 425], "excluded_lines": [], "functions": {"HTMLReporter.__init__": {"executed_lines": [31, 32, 33], "summary": {"covered_lines": 3, "num_statements": 3, "percent_covered": 100.0, "percent_covered_display": "100", "missing_lines": 0, "excluded_lines": 0, "percent_statements_covered": 100.0, "percent_statements_covered_display": "100"}, "missing_lines": [], "excluded_lines": [], "start_line": 18}, "HTMLReporter.get_format": {"executed_lines": [41], "summary": {"covered_lines": 1, "num_statements": 1, "percent_covered": 100.0, "percent_covered_display": "100", "missing_lines": 0, "excluded_lines": 0, "percent_statements_covered": 100.0, "percent_statements_covered_display": "100"}, "missing_lines": [], "excluded_lines": [], "start_line": 35}, "HTMLReporter.generate": {"executed_lines": [52, 53, 56, 59, 60, 61, 63, 71, 72], "summary": {"covered_lines": 9, "num_statements": 9, "percent_covered": 100.0, "percent_covered_display": "100", "missing_lines": 0, "excluded_lines": 0, "percent_statements_covered": 100.0, "percent_statements_covered_display": "100"}, "missing_lines": [], "excluded_lines": [], "start_line": 43}, "HTMLReporter._render_html": {"executed_lines": [87, 90, 91, 92, 93, 95, 98, 99, 102, 103, 106, 107, 110, 111, 114, 115, 117, 119], "summary": {"covered_lines": 18, "num_statements": 18, "percent_covered": 100.0, "percent_covered_display": "100", "missing_lines": 0, "excluded_lines": 0, "percent_statements_covered": 100.0, "percent_statements_covered_display": "100"}, "missing_lines": [], "excluded_lines": [], "start_line": 78}, "HTMLReporter._get_html_header": {"executed_lines": [131], "summary": {"covered_lines": 1, "num_statements": 1, "percent_covered": 100.0, "percent_covered_display": "100", "missing_lines": 0, "excluded_lines": 0, "percent_statements_covered": 100.0, "percent_statements_covered_display": "100"}, "missing_lines": [], "excluded_lines": [], "start_line": 121}, "HTMLReporter._get_html_footer": {"executed_lines": [295], "summary": {"covered_lines": 1, "num_statements": 1, "percent_covered": 100.0, "percent_covered_display": "100", "missing_lines": 0, "excluded_lines": 0, "percent_statements_covered": 100.0, "percent_statements_covered_display": "100"}, "missing_lines": [], "excluded_lines": [], "start_line": 289}, "HTMLReporter._render_test_summary": {"executed_lines": [313, 314, 315, 316, 319, 320, 321, 325, 326, 329], "summary": {"covered_lines": 10, "num_statements": 12, "percent_covered": 83.33333333333333, "percent_covered_display": "83", "missing_lines": 2, "excluded_lines": 0, "percent_statements_covered": 83.33333333333333, "percent_statements_covered_display": "83"}, "missing_lines": [323, 327], "excluded_lines": [], "start_line": 304}, "HTMLReporter._render_test_details": {"executed_lines": [374, 376, 377], "summary": {"covered_lines": 3, "num_statements": 17, "percent_covered": 17.647058823529413, "percent_covered_display": "18", "missing_lines": 14, "excluded_lines": 0, "percent_statements_covered": 17.647058823529413, "percent_statements_covered_display": "18"}, "missing_lines": [379, 395, 396, 397, 398, 399, 400, 402, 404, 405, 407, 409, 419, 425], "excluded_lines": [], "start_line": 365}, "HTMLReporter._render_comparison": {"executed_lines": [436, 437, 439, 462, 463, 475, 476, 477, 478, 480, 481, 483, 492, 497, 498], "summary": {"covered_lines": 15, "num_statements": 15, "percent_covered": 100.0, "percent_covered_display": "100", "missing_lines": 0, "excluded_lines": 0, "percent_statements_covered": 100.0, "percent_statements_covered_display": "100"}, "missing_lines": [], "excluded_lines": [], "start_line": 427}, "HTMLReporter._render_impact_graph": {"executed_lines": [509, 511, 536, 537, 541, 542, 543, 551, 553, 554], "summary": {"covered_lines": 10, "num_statements": 10, "percent_covered": 100.0, "percent_covered_display": "100", "missing_lines": 0, "excluded_lines": 0, "percent_statements_covered": 100.0, "percent_statements_covered_display": "100"}, "missing_lines": [], "excluded_lines": [], "start_line": 500}, "HTMLReporter._render_change_set": {"executed_lines": [565, 566, 568, 591, 592, 602, 603, 605, 610, 611], "summary": {"covered_lines": 10, "num_statements": 10, "percent_covered": 100.0, "percent_covered_display": "100", "missing_lines": 0, "excluded_lines": 0, "percent_statements_covered": 100.0, "percent_statements_covered_display": "100"}, "missing_lines": [], "excluded_lines": [], "start_line": 556}, "": {"executed_lines": [6, 7, 9, 12, 18, 35, 43, 78, 121, 289, 304, 365, 427, 500, 556], "summary": {"covered_lines": 15, "num_statements": 15, "percent_covered": 100.0, "percent_covered_display": "100", "missing_lines": 0, "excluded_lines": 0, "percent_statements_covered": 100.0, "percent_statements_covered_display": "100"}, "missing_lines": [], "excluded_lines": [], "start_line": 1}}, "classes": {"HTMLReporter": {"executed_lines": [31, 32, 33, 41, 52, 53, 56, 59, 60, 61, 63, 71, 72, 87, 90, 91, 92, 93, 95, 98, 99, 102, 103, 106, 107, 110, 111, 114, 115, 117, 119, 131, 295, 313, 314, 315, 316, 319, 320, 321, 325, 326, 329, 374, 376, 377, 436, 437, 439, 462, 463, 475, 476, 477, 478, 480, 481, 483, 492, 497, 498, 509, 511, 536, 537, 541, 542, 543, 551, 553, 554, 565, 566, 568, 591, 592, 602, 603, 605, 610, 611], "summary": {"covered_lines": 81, "num_statements": 97, "percent_covered": 83.50515463917526, "percent_covered_display": "84", "missing_lines": 16, "excluded_lines": 0, "percent_statements_covered": 83.50515463917526, "percent_statements_covered_display": "84"}, "missing_lines": [323, 327, 379, 395, 396, 397, 398, 399, 400, 402, 404, 405, 407, 409, 419, 425], "excluded_lines": [], "start_line": 12}, "": {"executed_lines": [6, 7, 9, 12, 18, 35, 43, 78, 121, 289, 304, 365, 427, 500, 556], "summary": {"covered_lines": 15, "num_statements": 15, "percent_covered": 100.0, "percent_covered_display": "100", "missing_lines": 0, "excluded_lines": 0, "percent_statements_covered": 100.0, "percent_statements_covered_display": "100"}, "missing_lines": [], "excluded_lines": [], "start_line": 1}}}, "jcia\\reports\\json_reporter.py": {"executed_lines": [6, 7, 9, 12, 18, 25, 26, 28, 34, 36, 45, 46, 49, 52, 60, 61, 62, 64, 72, 73, 79, 88, 89], "summary": {"covered_lines": 23, "num_statements": 23, "percent_covered": 100.0, "percent_covered_display": "100", "missing_lines": 0, "excluded_lines": 0, "percent_statements_covered": 100.0, "percent_statements_covered_display": "100"}, "missing_lines": [], "excluded_lines": [], "functions": {"JSONReporter.__init__": {"executed_lines": [25, 26], "summary": {"covered_lines": 2, "num_statements": 2, "percent_covered": 100.0, "percent_covered_display": "100", "missing_lines": 0, "excluded_lines": 0, "percent_statements_covered": 100.0, "percent_statements_covered_display": "100"}, "missing_lines": [], "excluded_lines": [], "start_line": 18}, "JSONReporter.get_format": {"executed_lines": [34], "summary": {"covered_lines": 1, "num_statements": 1, "percent_covered": 100.0, "percent_covered_display": "100", "missing_lines": 0, "excluded_lines": 0, "percent_statements_covered": 100.0, "percent_statements_covered_display": "100"}, "missing_lines": [], "excluded_lines": [], "start_line": 28}, "JSONReporter.generate": {"executed_lines": [45, 46, 49, 52, 60, 61, 62, 64, 72, 73], "summary": {"covered_lines": 10, "num_statements": 10, "percent_covered": 100.0, "percent_covered_display": "100", "missing_lines": 0, "excluded_lines": 0, "percent_statements_covered": 100.0, "percent_statements_covered_display": "100"}, "missing_lines": [], "excluded_lines": [], "start_line": 36}, "JSONReporter.generate_to_string": {"executed_lines": [88, 89], "summary": {"covered_lines": 2, "num_statements": 2, "percent_covered": 100.0, "percent_covered_display": "100", "missing_lines": 0, "excluded_lines": 0, "percent_statements_covered": 100.0, "percent_statements_covered_display": "100"}, "missing_lines": [], "excluded_lines": [], "start_line": 79}, "": {"executed_lines": [6, 7, 9, 12, 18, 28, 36, 79], "summary": {"covered_lines": 8, "num_statements": 8, "percent_covered": 100.0, "percent_covered_display": "100", "missing_lines": 0, "excluded_lines": 0, "percent_statements_covered": 100.0, "percent_statements_covered_display": "100"}, "missing_lines": [], "excluded_lines": [], "start_line": 1}}, "classes": {"JSONReporter": {"executed_lines": [25, 26, 34, 45, 46, 49, 52, 60, 61, 62, 64, 72, 73, 88, 89], "summary": {"covered_lines": 15, "num_statements": 15, "percent_covered": 100.0, "percent_covered_display": "100", "missing_lines": 0, "excluded_lines": 0, "percent_statements_covered": 100.0, "percent_statements_covered_display": "100"}, "missing_lines": [], "excluded_lines": [], "start_line": 12}, "": {"executed_lines": [6, 7, 9, 12, 18, 28, 36, 79], "summary": {"covered_lines": 8, "num_statements": 8, "percent_covered": 100.0, "percent_covered_display": "100", "missing_lines": 0, "excluded_lines": 0, "percent_statements_covered": 100.0, "percent_statements_covered_display": "100"}, "missing_lines": [], "excluded_lines": [], "start_line": 1}}}, "jcia\\reports\\markdown_reporter.py": {"executed_lines": [6, 7, 9, 12, 18, 29, 30, 32, 38, 40, 49, 50, 53, 56, 57, 58, 60, 68, 69, 75, 84, 86, 95, 97, 100, 101, 102, 103, 106, 107, 110, 111, 112, 115, 116, 117, 120, 121, 122, 125, 126, 127, 130, 131, 132, 134, 136, 145, 147, 148, 149, 150, 151, 152, 153, 154, 156, 157, 159, 168, 170, 171, 172, 173, 174, 177, 178, 179, 180, 181, 182, 183, 184, 187, 188, 189, 200, 201, 203, 205, 214, 216, 217, 220, 221, 222, 223, 224, 225, 226, 227, 228, 231, 232, 233, 234, 235, 236, 237, 238, 239, 240, 241, 242, 244, 248, 250, 259, 262, 263, 264, 265, 266, 267, 268, 269, 270, 273, 274, 275, 276, 277, 278, 279, 282, 283, 284, 285, 286, 287, 288, 289, 290, 291, 292, 293, 296, 299, 301, 303, 312, 314, 315, 318, 319, 320, 321, 322, 323, 324, 325, 326, 329, 330, 331, 332, 333, 334, 336, 341, 352], "summary": {"covered_lines": 161, "num_statements": 182, "percent_covered": 88.46153846153847, "percent_covered_display": "88", "missing_lines": 21, "excluded_lines": 0, "percent_statements_covered": 88.46153846153847, "percent_statements_covered_display": "88"}, "missing_lines": [190, 191, 192, 193, 194, 195, 196, 197, 198, 245, 246, 337, 338, 342, 343, 344, 345, 346, 348, 349, 350], "excluded_lines": [], "functions": {"MarkdownReporter.__init__": {"executed_lines": [29, 30], "summary": {"covered_lines": 2, "num_statements": 2, "percent_covered": 100.0, "percent_covered_display": "100", "missing_lines": 0, "excluded_lines": 0, "percent_statements_covered": 100.0, "percent_statements_covered_display": "100"}, "missing_lines": [], "excluded_lines": [], "start_line": 18}, "MarkdownReporter.get_format": {"executed_lines": [38], "summary": {"covered_lines": 1, "num_statements": 1, "percent_covered": 100.0, "percent_covered_display": "100", "missing_lines": 0, "excluded_lines": 0, "percent_statements_covered": 100.0, "percent_statements_covered_display": "100"}, "missing_lines": [], "excluded_lines": [], "start_line": 32}, "MarkdownReporter.generate": {"executed_lines": [49, 50, 53, 56, 57, 58, 60, 68, 69], "summary": {"covered_lines": 9, "num_statements": 9, "percent_covered": 100.0, "percent_covered_display": "100", "missing_lines": 0, "excluded_lines": 0, "percent_statements_covered": 100.0, "percent_statements_covered_display": "100"}, "missing_lines": [], "excluded_lines": [], "start_line": 40}, "MarkdownReporter.generate_to_string": {"executed_lines": [84], "summary": {"covered_lines": 1, "num_statements": 1, "percent_covered": 100.0, "percent_covered_display": "100", "missing_lines": 0, "excluded_lines": 0, "percent_statements_covered": 100.0, "percent_statements_covered_display": "100"}, "missing_lines": [], "excluded_lines": [], "start_line": 75}, "MarkdownReporter._render_markdown": {"executed_lines": [95, 97, 100, 101, 102, 103, 106, 107, 110, 111, 112, 115, 116, 117, 120, 121, 122, 125, 126, 127, 130, 131, 132, 134], "summary": {"covered_lines": 24, "num_statements": 24, "percent_covered": 100.0, "percent_covered_display": "100", "missing_lines": 0, "excluded_lines": 0, "percent_statements_covered": 100.0, "percent_statements_covered_display": "100"}, "missing_lines": [], "excluded_lines": [], "start_line": 86}, "MarkdownReporter._generate_toc": {"executed_lines": [145, 147, 148, 149, 150, 151, 152, 153, 154, 156, 157], "summary": {"covered_lines": 11, "num_statements": 11, "percent_covered": 100.0, "percent_covered_display": "100", "missing_lines": 0, "excluded_lines": 0, "percent_statements_covered": 100.0, "percent_statements_covered_display": "100"}, "missing_lines": [], "excluded_lines": [], "start_line": 136}, "MarkdownReporter._render_test_summary": {"executed_lines": [168, 170, 171, 172, 173, 174, 177, 178, 179, 180, 181, 182, 183, 184, 187, 188, 189, 200, 201, 203], "summary": {"covered_lines": 20, "num_statements": 29, "percent_covered": 68.96551724137932, "percent_covered_display": "69", "missing_lines": 9, "excluded_lines": 0, "percent_statements_covered": 68.96551724137932, "percent_statements_covered_display": "69"}, "missing_lines": [190, 191, 192, 193, 194, 195, 196, 197, 198], "excluded_lines": [], "start_line": 159}, "MarkdownReporter._render_comparison": {"executed_lines": [214, 216, 217, 220, 221, 222, 223, 224, 225, 226, 227, 228, 231, 232, 233, 234, 235, 236, 237, 238, 239, 240, 241, 242, 244, 248], "summary": {"covered_lines": 26, "num_statements": 28, "percent_covered": 92.85714285714286, "percent_covered_display": "93", "missing_lines": 2, "excluded_lines": 0, "percent_statements_covered": 92.85714285714286, "percent_statements_covered_display": "93"}, "missing_lines": [245, 246], "excluded_lines": [], "start_line": 205}, "MarkdownReporter._render_impact_graph": {"executed_lines": [259, 262, 263, 264, 265, 266, 267, 268, 269, 270, 273, 274, 275, 276, 277, 278, 279, 282, 283, 284, 285, 286, 287, 288, 289, 290, 291, 292, 293, 296, 299, 301], "summary": {"covered_lines": 32, "num_statements": 32, "percent_covered": 100.0, "percent_covered_display": "100", "missing_lines": 0, "excluded_lines": 0, "percent_statements_covered": 100.0, "percent_statements_covered_display": "100"}, "missing_lines": [], "excluded_lines": [], "start_line": 250}, "MarkdownReporter._render_change_set": {"executed_lines": [312, 314, 315, 318, 319, 320, 321, 322, 323, 324, 325, 326, 329, 330, 331, 332, 333, 334, 336, 341, 352], "summary": {"covered_lines": 21, "num_statements": 31, "percent_covered": 67.74193548387096, "percent_covered_display": "68", "missing_lines": 10, "excluded_lines": 0, "percent_statements_covered": 67.74193548387096, "percent_statements_covered_display": "68"}, "missing_lines": [337, 338, 342, 343, 344, 345, 346, 348, 349, 350], "excluded_lines": [], "start_line": 303}, "": {"executed_lines": [6, 7, 9, 12, 18, 32, 40, 75, 86, 136, 159, 205, 250, 303], "summary": {"covered_lines": 14, "num_statements": 14, "percent_covered": 100.0, "percent_covered_display": "100", "missing_lines": 0, "excluded_lines": 0, "percent_statements_covered": 100.0, "percent_statements_covered_display": "100"}, "missing_lines": [], "excluded_lines": [], "start_line": 1}}, "classes": {"MarkdownReporter": {"executed_lines": [29, 30, 38, 49, 50, 53, 56, 57, 58, 60, 68, 69, 84, 95, 97, 100, 101, 102, 103, 106, 107, 110, 111, 112, 115, 116, 117, 120, 121, 122, 125, 126, 127, 130, 131, 132, 134, 145, 147, 148, 149, 150, 151, 152, 153, 154, 156, 157, 168, 170, 171, 172, 173, 174, 177, 178, 179, 180, 181, 182, 183, 184, 187, 188, 189, 200, 201, 203, 214, 216, 217, 220, 221, 222, 223, 224, 225, 226, 227, 228, 231, 232, 233, 234, 235, 236, 237, 238, 239, 240, 241, 242, 244, 248, 259, 262, 263, 264, 265, 266, 267, 268, 269, 270, 273, 274, 275, 276, 277, 278, 279, 282, 283, 284, 285, 286, 287, 288, 289, 290, 291, 292, 293, 296, 299, 301, 312, 314, 315, 318, 319, 320, 321, 322, 323, 324, 325, 326, 329, 330, 331, 332, 333, 334, 336, 341, 352], "summary": {"covered_lines": 147, "num_statements": 168, "percent_covered": 87.5, "percent_covered_display": "88", "missing_lines": 21, "excluded_lines": 0, "percent_statements_covered": 87.5, "percent_statements_covered_display": "88"}, "missing_lines": [190, 191, 192, 193, 194, 195, 196, 197, 198, 245, 246, 337, 338, 342, 343, 344, 345, 346, 348, 349, 350], "excluded_lines": [], "start_line": 12}, "": {"executed_lines": [6, 7, 9, 12, 18, 32, 40, 75, 86, 136, 159, 205, 250, 303], "summary": {"covered_lines": 14, "num_statements": 14, "percent_covered": 100.0, "percent_covered_display": "100", "missing_lines": 0, "excluded_lines": 0, "percent_statements_covered": 100.0, "percent_statements_covered_display": "100"}, "missing_lines": [], "excluded_lines": [], "start_line": 1}}}}, "totals": {"covered_lines": 4932, "num_statements": 5349, "percent_covered": 92.20415030846887, "percent_covered_display": "92", "missing_lines": 417, "excluded_lines": 25, "percent_statements_covered": 92.20415030846887, "percent_statements_covered_display": "92"}}